[ 2017-03-21T00:00:41+08:00 ] ::1 /company/YDGW/Public/Home/css/bootstrap.css.map
INFO: [ app_init ] --START--
INFO: Run Behavior\BuildLiteBehavior [ RunTime:0.000023s ]
INFO: [ app_init ] --END-- [ RunTime:0.000758s ]
ERR: 无法加载模块:Public

[ 2017-03-21T00:00:45+08:00 ] ::1 /company/YDGW/Public/Home/css/bootstrap.css.map
INFO: [ app_init ] --START--
INFO: Run Behavior\BuildLiteBehavior [ RunTime:0.000012s ]
INFO: [ app_init ] --END-- [ RunTime:0.000397s ]
ERR: 无法加载模块:Public

[ 2017-03-21T00:08:17+08:00 ] ::1 /company/YDGW/Public/Home/css/bootstrap.css.map
INFO: [ app_init ] --START--
INFO: Run Behavior\BuildLiteBehavior [ RunTime:0.000020s ]
INFO: [ app_init ] --END-- [ RunTime:0.000726s ]
ERR: 无法加载模块:Public

[ 2017-03-21T00:08:19+08:00 ] ::1 /company/YDGW/Public/Home/css/bootstrap.css.map
INFO: [ app_init ] --START--
INFO: Run Behavior\BuildLiteBehavior [ RunTime:0.000012s ]
INFO: [ app_init ] --END-- [ RunTime:0.000392s ]
ERR: 无法加载模块:Public

[ 2017-03-21T00:08:24+08:00 ] ::1 /company/YDGW/Public/Home/css/bootstrap.css.map
INFO: [ app_init ] --START--
INFO: Run Behavior\BuildLiteBehavior [ RunTime:0.000012s ]
INFO: [ app_init ] --END-- [ RunTime:0.000409s ]
ERR: 无法加载模块:Public

[ 2017-03-21T00:08:28+08:00 ] ::1 /company/YDGW/Public/Home/css/bootstrap.css.map
INFO: [ app_init ] --START--
INFO: Run Behavior\BuildLiteBehavior [ RunTime:0.000015s ]
INFO: [ app_init ] --END-- [ RunTime:0.000416s ]
ERR: 无法加载模块:Public

[ 2017-03-21T00:08:29+08:00 ] ::1 /company/YDGW/Public/Home/css/bootstrap.css.map
INFO: [ app_init ] --START--
INFO: Run Behavior\BuildLiteBehavior [ RunTime:0.000018s ]
INFO: [ app_init ] --END-- [ RunTime:0.000587s ]
ERR: 无法加载模块:Public

[ 2017-03-21T00:08:30+08:00 ] ::1 /company/YDGW/Public/Home/css/bootstrap.css.map
INFO: [ app_init ] --START--
INFO: Run Behavior\BuildLiteBehavior [ RunTime:0.000013s ]
INFO: [ app_init ] --END-- [ RunTime:0.000736s ]
ERR: 无法加载模块:Public

[ 2017-03-21T00:08:33+08:00 ] ::1 /company/YDGW/Public/Home/css/bootstrap.css.map
INFO: [ app_init ] --START--
INFO: Run Behavior\BuildLiteBehavior [ RunTime:0.000013s ]
INFO: [ app_init ] --END-- [ RunTime:0.000415s ]
ERR: 无法加载模块:Public

[ 2017-03-21T00:08:34+08:00 ] ::1 /company/YDGW/Public/Home/css/bootstrap.css.map
INFO: [ app_init ] --START--
INFO: Run Behavior\BuildLiteBehavior [ RunTime:0.000020s ]
INFO: [ app_init ] --END-- [ RunTime:0.000665s ]
ERR: 无法加载模块:Public

[ 2017-03-21T00:09:02+08:00 ] ::1 /company/YDGW/Public/Home/css/bootstrap.css.map
INFO: [ app_init ] --START--
INFO: Run Behavior\BuildLiteBehavior [ RunTime:0.000019s ]
INFO: [ app_init ] --END-- [ RunTime:0.000657s ]
ERR: 无法加载模块:Public

[ 2017-03-21T00:09:04+08:00 ] ::1 /company/YDGW/Public/Home/css/bootstrap.css.map
INFO: [ app_init ] --START--
INFO: Run Behavior\BuildLiteBehavior [ RunTime:0.000013s ]
INFO: [ app_init ] --END-- [ RunTime:0.000814s ]
ERR: 无法加载模块:Public

[ 2017-03-21T00:09:05+08:00 ] ::1 /company/YDGW/Public/Home/css/bootstrap.css.map
INFO: [ app_init ] --START--
INFO: Run Behavior\BuildLiteBehavior [ RunTime:0.000012s ]
INFO: [ app_init ] --END-- [ RunTime:0.000399s ]
ERR: 无法加载模块:Public

[ 2017-03-21T00:09:06+08:00 ] ::1 /company/YDGW/Public/Home/css/bootstrap.css.map
INFO: [ app_init ] --START--
INFO: Run Behavior\BuildLiteBehavior [ RunTime:0.000013s ]
INFO: [ app_init ] --END-- [ RunTime:0.000521s ]
ERR: 无法加载模块:Public

[ 2017-03-21T00:09:33+08:00 ] ::1 /company/YDGW/Public/Home/css/bootstrap.css.map
INFO: [ app_init ] --START--
INFO: Run Behavior\BuildLiteBehavior [ RunTime:0.000026s ]
INFO: [ app_init ] --END-- [ RunTime:0.000767s ]
ERR: 无法加载模块:Public

[ 2017-03-21T00:11:47+08:00 ] ::1 /company/YDGW/Public/Home/css/bootstrap.css.map
INFO: [ app_init ] --START--
INFO: Run Behavior\BuildLiteBehavior [ RunTime:0.000012s ]
INFO: [ app_init ] --END-- [ RunTime:0.000411s ]
ERR: 无法加载模块:Public

[ 2017-03-21T00:11:49+08:00 ] ::1 /company/YDGW/Public/Home/css/bootstrap.css.map
INFO: [ app_init ] --START--
INFO: Run Behavior\BuildLiteBehavior [ RunTime:0.000014s ]
INFO: [ app_init ] --END-- [ RunTime:0.000516s ]
ERR: 无法加载模块:Public

[ 2017-03-21T00:12:08+08:00 ] ::1 /company/YDGW/Public/Home/css/bootstrap.css.map
INFO: [ app_init ] --START--
INFO: Run Behavior\BuildLiteBehavior [ RunTime:0.000023s ]
INFO: [ app_init ] --END-- [ RunTime:0.000707s ]
ERR: 无法加载模块:Public

[ 2017-03-21T00:12:14+08:00 ] ::1 /company/YDGW/Public/Home/css/bootstrap.css.map
INFO: [ app_init ] --START--
INFO: Run Behavior\BuildLiteBehavior [ RunTime:0.000019s ]
INFO: [ app_init ] --END-- [ RunTime:0.000643s ]
ERR: 无法加载模块:Public

[ 2017-03-21T00:12:30+08:00 ] ::1 /company/YDGW/Public/Home/css/bootstrap.css.map
INFO: [ app_init ] --START--
INFO: Run Behavior\BuildLiteBehavior [ RunTime:0.000017s ]
INFO: [ app_init ] --END-- [ RunTime:0.000543s ]
ERR: 无法加载模块:Public

[ 2017-03-21T00:12:47+08:00 ] ::1 /company/YDGW/Public/Home/css/bootstrap.css.map
INFO: [ app_init ] --START--
INFO: Run Behavior\BuildLiteBehavior [ RunTime:0.000017s ]
INFO: [ app_init ] --END-- [ RunTime:0.000402s ]
ERR: 无法加载模块:Public

[ 2017-03-21T00:12:49+08:00 ] ::1 /company/YDGW/Public/Home/css/bootstrap.css.map
INFO: [ app_init ] --START--
INFO: Run Behavior\BuildLiteBehavior [ RunTime:0.000012s ]
INFO: [ app_init ] --END-- [ RunTime:0.000387s ]
ERR: 无法加载模块:Public

[ 2017-03-21T00:13:00+08:00 ] ::1 /company/YDGW/Public/Home/css/bootstrap.css.map
INFO: [ app_init ] --START--
INFO: Run Behavior\BuildLiteBehavior [ RunTime:0.000018s ]
INFO: [ app_init ] --END-- [ RunTime:0.000552s ]
ERR: 无法加载模块:Public

[ 2017-03-21T00:13:48+08:00 ] ::1 /company/YDGW/Public/Home/css/bootstrap.css.map
INFO: [ app_init ] --START--
INFO: Run Behavior\BuildLiteBehavior [ RunTime:0.000020s ]
INFO: [ app_init ] --END-- [ RunTime:0.000662s ]
ERR: 无法加载模块:Public

[ 2017-03-21T00:14:07+08:00 ] ::1 /company/YDGW/Public/Home/css/bootstrap.css.map
INFO: [ app_init ] --START--
INFO: Run Behavior\BuildLiteBehavior [ RunTime:0.000013s ]
INFO: [ app_init ] --END-- [ RunTime:0.000425s ]
ERR: 无法加载模块:Public

[ 2017-03-21T00:16:08+08:00 ] ::1 /company/YDGW/Public/Home/css/bootstrap.css.map
INFO: [ app_init ] --START--
INFO: Run Behavior\BuildLiteBehavior [ RunTime:0.000013s ]
INFO: [ app_init ] --END-- [ RunTime:0.000446s ]
ERR: 无法加载模块:Public

[ 2017-03-21T00:16:29+08:00 ] ::1 /company/YDGW/Public/Home/css/bootstrap.css.map
INFO: [ app_init ] --START--
INFO: Run Behavior\BuildLiteBehavior [ RunTime:0.000016s ]
INFO: [ app_init ] --END-- [ RunTime:0.000914s ]
ERR: 无法加载模块:Public

[ 2017-03-21T00:16:40+08:00 ] ::1 /company/YDGW/Public/Home/css/bootstrap.css.map
INFO: [ app_init ] --START--
INFO: Run Behavior\BuildLiteBehavior [ RunTime:0.000014s ]
INFO: [ app_init ] --END-- [ RunTime:0.000469s ]
ERR: 无法加载模块:Public

[ 2017-03-21T00:17:08+08:00 ] ::1 /company/YDGW/Public/Home/css/bootstrap.css.map
INFO: [ app_init ] --START--
INFO: Run Behavior\BuildLiteBehavior [ RunTime:0.000013s ]
INFO: [ app_init ] --END-- [ RunTime:0.000456s ]
ERR: 无法加载模块:Public

[ 2017-03-21T00:17:10+08:00 ] ::1 /company/YDGW/Public/Home/css/bootstrap.css.map
INFO: [ app_init ] --START--
INFO: Run Behavior\BuildLiteBehavior [ RunTime:0.000017s ]
INFO: [ app_init ] --END-- [ RunTime:0.000606s ]
ERR: 无法加载模块:Public

[ 2017-03-21T00:17:11+08:00 ] ::1 /company/YDGW/Public/Home/css/bootstrap.css.map
INFO: [ app_init ] --START--
INFO: Run Behavior\BuildLiteBehavior [ RunTime:0.000019s ]
INFO: [ app_init ] --END-- [ RunTime:0.000648s ]
ERR: 无法加载模块:Public

[ 2017-03-21T00:18:04+08:00 ] ::1 /company/YDGW/Public/Home/css/bootstrap.css.map
INFO: [ app_init ] --START--
INFO: Run Behavior\BuildLiteBehavior [ RunTime:0.000011s ]
INFO: [ app_init ] --END-- [ RunTime:0.000390s ]
ERR: 无法加载模块:Public

[ 2017-03-21T00:18:06+08:00 ] ::1 /company/YDGW/Public/Home/css/bootstrap.css.map
INFO: [ app_init ] --START--
INFO: Run Behavior\BuildLiteBehavior [ RunTime:0.000018s ]
INFO: [ app_init ] --END-- [ RunTime:0.000678s ]
ERR: 无法加载模块:Public

[ 2017-03-21T00:18:06+08:00 ] ::1 /company/YDGW/Public/Home/css/bootstrap.css.map
INFO: [ app_init ] --START--
INFO: Run Behavior\BuildLiteBehavior [ RunTime:0.000021s ]
INFO: [ app_init ] --END-- [ RunTime:0.000610s ]
ERR: 无法加载模块:Public

[ 2017-03-21T00:19:12+08:00 ] ::1 /company/YDGW/Public/Home/css/bootstrap.css.map
INFO: [ app_init ] --START--
INFO: Run Behavior\BuildLiteBehavior [ RunTime:0.000022s ]
INFO: [ app_init ] --END-- [ RunTime:0.000654s ]
ERR: 无法加载模块:Public

[ 2017-03-21T00:19:15+08:00 ] ::1 /company/YDGW/Public/Home/css/bootstrap.css.map
INFO: [ app_init ] --START--
INFO: Run Behavior\BuildLiteBehavior [ RunTime:0.000020s ]
INFO: [ app_init ] --END-- [ RunTime:0.000695s ]
ERR: 无法加载模块:Public

[ 2017-03-21T00:19:17+08:00 ] ::1 /company/YDGW/Public/Home/css/bootstrap.css.map
INFO: [ app_init ] --START--
INFO: Run Behavior\BuildLiteBehavior [ RunTime:0.000015s ]
INFO: [ app_init ] --END-- [ RunTime:0.000435s ]
ERR: 无法加载模块:Public

[ 2017-03-21T00:19:20+08:00 ] ::1 /company/YDGW/Public/Home/css/bootstrap.css.map
INFO: [ app_init ] --START--
INFO: Run Behavior\BuildLiteBehavior [ RunTime:0.000020s ]
INFO: [ app_init ] --END-- [ RunTime:0.000553s ]
ERR: 无法加载模块:Public

[ 2017-03-21T00:19:21+08:00 ] ::1 /company/YDGW/Public/Home/css/bootstrap.css.map
INFO: [ app_init ] --START--
INFO: Run Behavior\BuildLiteBehavior [ RunTime:0.000014s ]
INFO: [ app_init ] --END-- [ RunTime:0.000441s ]
ERR: 无法加载模块:Public

[ 2017-03-21T00:19:23+08:00 ] ::1 /company/YDGW/Public/Home/css/bootstrap.css.map
INFO: [ app_init ] --START--
INFO: Run Behavior\BuildLiteBehavior [ RunTime:0.000018s ]
INFO: [ app_init ] --END-- [ RunTime:0.000607s ]
ERR: 无法加载模块:Public

[ 2017-03-21T00:19:24+08:00 ] ::1 /company/YDGW/Public/Home/css/bootstrap.css.map
INFO: [ app_init ] --START--
INFO: Run Behavior\BuildLiteBehavior [ RunTime:0.000013s ]
INFO: [ app_init ] --END-- [ RunTime:0.000453s ]
ERR: 无法加载模块:Public

[ 2017-03-21T00:19:25+08:00 ] ::1 /company/YDGW/Public/Home/css/bootstrap.css.map
INFO: [ app_init ] --START--
INFO: Run Behavior\BuildLiteBehavior [ RunTime:0.000012s ]
INFO: [ app_init ] --END-- [ RunTime:0.000415s ]
ERR: 无法加载模块:Public

[ 2017-03-21T00:19:38+08:00 ] ::1 /company/YDGW/Public/Home/css/bootstrap.css.map
INFO: [ app_init ] --START--
INFO: Run Behavior\BuildLiteBehavior [ RunTime:0.000013s ]
INFO: [ app_init ] --END-- [ RunTime:0.000450s ]
ERR: 无法加载模块:Public

[ 2017-03-21T00:19:54+08:00 ] ::1 /company/YDGW/Public/Home/css/bootstrap.css.map
INFO: [ app_init ] --START--
INFO: Run Behavior\BuildLiteBehavior [ RunTime:0.000021s ]
INFO: [ app_init ] --END-- [ RunTime:0.000634s ]
ERR: 无法加载模块:Public

[ 2017-03-21T00:19:55+08:00 ] ::1 /company/YDGW/Public/Home/css/bootstrap.css.map
INFO: [ app_init ] --START--
INFO: Run Behavior\BuildLiteBehavior [ RunTime:0.000019s ]
INFO: [ app_init ] --END-- [ RunTime:0.000599s ]
ERR: 无法加载模块:Public

[ 2017-03-21T00:19:55+08:00 ] ::1 /company/YDGW/Public/Home/css/bootstrap.css.map
INFO: [ app_init ] --START--
INFO: Run Behavior\BuildLiteBehavior [ RunTime:0.000012s ]
INFO: [ app_init ] --END-- [ RunTime:0.000403s ]
ERR: 无法加载模块:Public

[ 2017-03-21T00:19:56+08:00 ] ::1 /company/YDGW/Public/Home/css/bootstrap.css.map
INFO: [ app_init ] --START--
INFO: Run Behavior\BuildLiteBehavior [ RunTime:0.000012s ]
INFO: [ app_init ] --END-- [ RunTime:0.000378s ]
ERR: 无法加载模块:Public

[ 2017-03-21T00:19:58+08:00 ] ::1 /company/YDGW/Public/Home/css/bootstrap.css.map
INFO: [ app_init ] --START--
INFO: Run Behavior\BuildLiteBehavior [ RunTime:0.000019s ]
INFO: [ app_init ] --END-- [ RunTime:0.000559s ]
ERR: 无法加载模块:Public

[ 2017-03-21T00:19:59+08:00 ] ::1 /company/YDGW/Public/Home/css/bootstrap.css.map
INFO: [ app_init ] --START--
INFO: Run Behavior\BuildLiteBehavior [ RunTime:0.000019s ]
INFO: [ app_init ] --END-- [ RunTime:0.000428s ]
ERR: 无法加载模块:Public

[ 2017-03-21T00:20:00+08:00 ] ::1 /company/YDGW/Public/Home/css/bootstrap.css.map
INFO: [ app_init ] --START--
INFO: Run Behavior\BuildLiteBehavior [ RunTime:0.000023s ]
INFO: [ app_init ] --END-- [ RunTime:0.000704s ]
ERR: 无法加载模块:Public

[ 2017-03-21T00:20:03+08:00 ] ::1 /company/YDGW/Public/Home/css/bootstrap.css.map
INFO: [ app_init ] --START--
INFO: Run Behavior\BuildLiteBehavior [ RunTime:0.000023s ]
INFO: [ app_init ] --END-- [ RunTime:0.000621s ]
ERR: 无法加载模块:Public

[ 2017-03-21T00:21:22+08:00 ] ::1 /company/YDGW/Public/Home/css/bootstrap.css.map
INFO: [ app_init ] --START--
INFO: Run Behavior\BuildLiteBehavior [ RunTime:0.000018s ]
INFO: [ app_init ] --END-- [ RunTime:0.000592s ]
ERR: 无法加载模块:Public

[ 2017-03-21T00:21:45+08:00 ] ::1 /company/YDGW/Public/Home/css/bootstrap.css.map
INFO: [ app_init ] --START--
INFO: Run Behavior\BuildLiteBehavior [ RunTime:0.000012s ]
INFO: [ app_init ] --END-- [ RunTime:0.000395s ]
ERR: 无法加载模块:Public

[ 2017-03-21T00:22:14+08:00 ] ::1 /company/YDGW/Public/Home/css/bootstrap.css.map
INFO: [ app_init ] --START--
INFO: Run Behavior\BuildLiteBehavior [ RunTime:0.000017s ]
INFO: [ app_init ] --END-- [ RunTime:0.000630s ]
ERR: 无法加载模块:Public

[ 2017-03-21T00:22:38+08:00 ] ::1 /company/YDGW/Public/Home/css/bootstrap.css.map
INFO: [ app_init ] --START--
INFO: Run Behavior\BuildLiteBehavior [ RunTime:0.000013s ]
INFO: [ app_init ] --END-- [ RunTime:0.000477s ]
ERR: 无法加载模块:Public

[ 2017-03-21T00:22:47+08:00 ] ::1 /company/YDGW/Public/Home/css/bootstrap.css.map
INFO: [ app_init ] --START--
INFO: Run Behavior\BuildLiteBehavior [ RunTime:0.000013s ]
INFO: [ app_init ] --END-- [ RunTime:0.000435s ]
ERR: 无法加载模块:Public

[ 2017-03-21T00:22:48+08:00 ] ::1 /company/YDGW/Public/Home/css/bootstrap.css.map
INFO: [ app_init ] --START--
INFO: Run Behavior\BuildLiteBehavior [ RunTime:0.000014s ]
INFO: [ app_init ] --END-- [ RunTime:0.000448s ]
ERR: 无法加载模块:Public

[ 2017-03-21T00:23:10+08:00 ] ::1 /company/YDGW/Public/Home/css/bootstrap.css.map
INFO: [ app_init ] --START--
INFO: Run Behavior\BuildLiteBehavior [ RunTime:0.000019s ]
INFO: [ app_init ] --END-- [ RunTime:0.000473s ]
ERR: 无法加载模块:Public

[ 2017-03-21T00:24:03+08:00 ] ::1 /company/YDGW/Public/Home/css/bootstrap.css.map
INFO: [ app_init ] --START--
INFO: Run Behavior\BuildLiteBehavior [ RunTime:0.000013s ]
INFO: [ app_init ] --END-- [ RunTime:0.000399s ]
ERR: 无法加载模块:Public

[ 2017-03-21T00:24:54+08:00 ] ::1 /company/YDGW/Public/Home/css/bootstrap.css.map
INFO: [ app_init ] --START--
INFO: Run Behavior\BuildLiteBehavior [ RunTime:0.000020s ]
INFO: [ app_init ] --END-- [ RunTime:0.000706s ]
ERR: 无法加载模块:Public

[ 2017-03-21T00:25:04+08:00 ] ::1 /company/YDGW/Public/Home/css/bootstrap.css.map
INFO: [ app_init ] --START--
INFO: Run Behavior\BuildLiteBehavior [ RunTime:0.000012s ]
INFO: [ app_init ] --END-- [ RunTime:0.000389s ]
ERR: 无法加载模块:Public

[ 2017-03-21T00:25:49+08:00 ] ::1 /company/YDGW/Public/Home/css/bootstrap.css.map
INFO: [ app_init ] --START--
INFO: Run Behavior\BuildLiteBehavior [ RunTime:0.000014s ]
INFO: [ app_init ] --END-- [ RunTime:0.000952s ]
ERR: 无法加载模块:Public

[ 2017-03-21T00:26:23+08:00 ] ::1 /company/YDGW/Public/Home/css/bootstrap.css.map
INFO: [ app_init ] --START--
INFO: Run Behavior\BuildLiteBehavior [ RunTime:0.000011s ]
INFO: [ app_init ] --END-- [ RunTime:0.000401s ]
ERR: 无法加载模块:Public

[ 2017-03-21T00:27:18+08:00 ] ::1 /company/YDGW/Public/Home/css/bootstrap.css.map
INFO: [ app_init ] --START--
INFO: Run Behavior\BuildLiteBehavior [ RunTime:0.000012s ]
INFO: [ app_init ] --END-- [ RunTime:0.000402s ]
ERR: 无法加载模块:Public

[ 2017-03-21T00:27:20+08:00 ] ::1 /company/YDGW/Public/Home/css/bootstrap.css.map
INFO: [ app_init ] --START--
INFO: Run Behavior\BuildLiteBehavior [ RunTime:0.000015s ]
INFO: [ app_init ] --END-- [ RunTime:0.000526s ]
ERR: 无法加载模块:Public

[ 2017-03-21T00:27:32+08:00 ] ::1 /company/YDGW/Public/Home/css/bootstrap.css.map
INFO: [ app_init ] --START--
INFO: Run Behavior\BuildLiteBehavior [ RunTime:0.000013s ]
INFO: [ app_init ] --END-- [ RunTime:0.000414s ]
ERR: 无法加载模块:Public

[ 2017-03-21T00:27:36+08:00 ] ::1 /company/YDGW/Public/Home/css/bootstrap.css.map
INFO: [ app_init ] --START--
INFO: Run Behavior\BuildLiteBehavior [ RunTime:0.000021s ]
INFO: [ app_init ] --END-- [ RunTime:0.000715s ]
ERR: 无法加载模块:Public

[ 2017-03-21T00:27:37+08:00 ] ::1 /company/YDGW/Public/Home/css/bootstrap.css.map
INFO: [ app_init ] --START--
INFO: Run Behavior\BuildLiteBehavior [ RunTime:0.000022s ]
INFO: [ app_init ] --END-- [ RunTime:0.001705s ]
ERR: 无法加载模块:Public

[ 2017-03-21T00:27:38+08:00 ] ::1 /company/YDGW/Public/Home/css/bootstrap.css.map
INFO: [ app_init ] --START--
INFO: Run Behavior\BuildLiteBehavior [ RunTime:0.000014s ]
INFO: [ app_init ] --END-- [ RunTime:0.000431s ]
ERR: 无法加载模块:Public

[ 2017-03-21T00:27:40+08:00 ] ::1 /company/YDGW/Public/Home/css/bootstrap.css.map
INFO: [ app_init ] --START--
INFO: Run Behavior\BuildLiteBehavior [ RunTime:0.000020s ]
INFO: [ app_init ] --END-- [ RunTime:0.000706s ]
ERR: 无法加载模块:Public

[ 2017-03-21T00:27:41+08:00 ] ::1 /company/YDGW/Public/Home/css/bootstrap.css.map
INFO: [ app_init ] --START--
INFO: Run Behavior\BuildLiteBehavior [ RunTime:0.000013s ]
INFO: [ app_init ] --END-- [ RunTime:0.000487s ]
ERR: 无法加载模块:Public

[ 2017-03-21T00:27:42+08:00 ] ::1 /company/YDGW/Public/Home/css/bootstrap.css.map
INFO: [ app_init ] --START--
INFO: Run Behavior\BuildLiteBehavior [ RunTime:0.000019s ]
INFO: [ app_init ] --END-- [ RunTime:0.000677s ]
ERR: 无法加载模块:Public

[ 2017-03-21T00:27:44+08:00 ] ::1 /company/YDGW/Public/Home/css/bootstrap.css.map
INFO: [ app_init ] --START--
INFO: Run Behavior\BuildLiteBehavior [ RunTime:0.000015s ]
INFO: [ app_init ] --END-- [ RunTime:0.000848s ]
ERR: 无法加载模块:Public

[ 2017-03-21T00:28:33+08:00 ] ::1 /company/YDGW/Public/Home/css/bootstrap.css.map
INFO: [ app_init ] --START--
INFO: Run Behavior\BuildLiteBehavior [ RunTime:0.000012s ]
INFO: [ app_init ] --END-- [ RunTime:0.000397s ]
ERR: 无法加载模块:Public

[ 2017-03-21T00:29:02+08:00 ] ::1 /company/YDGW/Public/Home/css/bootstrap.css.map
INFO: [ app_init ] --START--
INFO: Run Behavior\BuildLiteBehavior [ RunTime:0.000012s ]
INFO: [ app_init ] --END-- [ RunTime:0.000404s ]
ERR: 无法加载模块:Public

[ 2017-03-21T00:29:03+08:00 ] ::1 /company/YDGW/Public/Home/css/bootstrap.css.map
INFO: [ app_init ] --START--
INFO: Run Behavior\BuildLiteBehavior [ RunTime:0.000020s ]
INFO: [ app_init ] --END-- [ RunTime:0.000719s ]
ERR: 无法加载模块:Public

[ 2017-03-21T00:29:04+08:00 ] ::1 /company/YDGW/Public/Home/css/bootstrap.css.map
INFO: [ app_init ] --START--
INFO: Run Behavior\BuildLiteBehavior [ RunTime:0.000050s ]
INFO: [ app_init ] --END-- [ RunTime:0.000779s ]
ERR: 无法加载模块:Public

[ 2017-03-21T00:29:06+08:00 ] ::1 /company/YDGW/Public/Home/css/bootstrap.css.map
INFO: [ app_init ] --START--
INFO: Run Behavior\BuildLiteBehavior [ RunTime:0.000022s ]
INFO: [ app_init ] --END-- [ RunTime:0.000889s ]
ERR: 无法加载模块:Public

[ 2017-03-21T00:29:41+08:00 ] ::1 /company/YDGW/Public/Home/css/bootstrap.css.map
INFO: [ app_init ] --START--
INFO: Run Behavior\BuildLiteBehavior [ RunTime:0.000019s ]
INFO: [ app_init ] --END-- [ RunTime:0.000620s ]
ERR: 无法加载模块:Public

[ 2017-03-21T00:29:42+08:00 ] ::1 /company/YDGW/Public/Home/css/bootstrap.css.map
INFO: [ app_init ] --START--
INFO: Run Behavior\BuildLiteBehavior [ RunTime:0.000012s ]
INFO: [ app_init ] --END-- [ RunTime:0.000374s ]
ERR: 无法加载模块:Public

[ 2017-03-21T00:29:43+08:00 ] ::1 /company/YDGW/Public/Home/css/bootstrap.css.map
INFO: [ app_init ] --START--
INFO: Run Behavior\BuildLiteBehavior [ RunTime:0.000066s ]
INFO: [ app_init ] --END-- [ RunTime:0.001161s ]
ERR: 无法加载模块:Public

[ 2017-03-21T00:29:44+08:00 ] ::1 /company/YDGW/Public/Home/css/bootstrap.css.map
INFO: [ app_init ] --START--
INFO: Run Behavior\BuildLiteBehavior [ RunTime:0.000018s ]
INFO: [ app_init ] --END-- [ RunTime:0.000573s ]
ERR: 无法加载模块:Public

[ 2017-03-21T00:29:56+08:00 ] ::1 /company/YDGW/Public/Home/css/bootstrap.css.map
INFO: [ app_init ] --START--
INFO: Run Behavior\BuildLiteBehavior [ RunTime:0.000020s ]
INFO: [ app_init ] --END-- [ RunTime:0.000702s ]
ERR: 无法加载模块:Public

[ 2017-03-21T00:29:57+08:00 ] ::1 /company/YDGW/Public/Home/css/bootstrap.css.map
INFO: [ app_init ] --START--
INFO: Run Behavior\BuildLiteBehavior [ RunTime:0.000019s ]
INFO: [ app_init ] --END-- [ RunTime:0.000599s ]
ERR: 无法加载模块:Public

[ 2017-03-21T00:29:58+08:00 ] ::1 /company/YDGW/Public/Home/css/bootstrap.css.map
INFO: [ app_init ] --START--
INFO: Run Behavior\BuildLiteBehavior [ RunTime:0.000022s ]
INFO: [ app_init ] --END-- [ RunTime:0.000680s ]
ERR: 无法加载模块:Public

[ 2017-03-21T00:30:13+08:00 ] ::1 /company/YDGW/Public/Home/css/bootstrap.css.map
INFO: [ app_init ] --START--
INFO: Run Behavior\BuildLiteBehavior [ RunTime:0.000019s ]
INFO: [ app_init ] --END-- [ RunTime:0.000673s ]
ERR: 无法加载模块:Public

[ 2017-03-21T00:30:14+08:00 ] ::1 /company/YDGW/Public/Home/css/bootstrap.css.map
INFO: [ app_init ] --START--
INFO: Run Behavior\BuildLiteBehavior [ RunTime:0.000017s ]
INFO: [ app_init ] --END-- [ RunTime:0.000639s ]
ERR: 无法加载模块:Public

[ 2017-03-21T00:30:15+08:00 ] ::1 /company/YDGW/Public/Home/css/bootstrap.css.map
INFO: [ app_init ] --START--
INFO: Run Behavior\BuildLiteBehavior [ RunTime:0.000020s ]
INFO: [ app_init ] --END-- [ RunTime:0.000597s ]
ERR: 无法加载模块:Public

[ 2017-03-21T00:30:16+08:00 ] ::1 /company/YDGW/Public/Home/css/bootstrap.css.map
INFO: [ app_init ] --START--
INFO: Run Behavior\BuildLiteBehavior [ RunTime:0.000014s ]
INFO: [ app_init ] --END-- [ RunTime:0.000518s ]
ERR: 无法加载模块:Public

[ 2017-03-21T00:30:16+08:00 ] ::1 /company/YDGW/Public/Home/css/bootstrap.css.map
INFO: [ app_init ] --START--
INFO: Run Behavior\BuildLiteBehavior [ RunTime:0.000019s ]
INFO: [ app_init ] --END-- [ RunTime:0.000736s ]
ERR: 无法加载模块:Public

[ 2017-03-21T00:30:17+08:00 ] ::1 /company/YDGW/Public/Home/css/bootstrap.css.map
INFO: [ app_init ] --START--
INFO: Run Behavior\BuildLiteBehavior [ RunTime:0.000013s ]
INFO: [ app_init ] --END-- [ RunTime:0.000408s ]
ERR: 无法加载模块:Public

[ 2017-03-21T00:30:18+08:00 ] ::1 /company/YDGW/Public/Home/css/bootstrap.css.map
INFO: [ app_init ] --START--
INFO: Run Behavior\BuildLiteBehavior [ RunTime:0.000012s ]
INFO: [ app_init ] --END-- [ RunTime:0.000410s ]
ERR: 无法加载模块:Public

[ 2017-03-21T00:30:18+08:00 ] ::1 /company/YDGW/Public/Home/css/bootstrap.css.map
INFO: [ app_init ] --START--
INFO: Run Behavior\BuildLiteBehavior [ RunTime:0.000024s ]
INFO: [ app_init ] --END-- [ RunTime:0.000905s ]
ERR: 无法加载模块:Public

[ 2017-03-21T00:30:19+08:00 ] ::1 /company/YDGW/Public/Home/css/bootstrap.css.map
INFO: [ app_init ] --START--
INFO: Run Behavior\BuildLiteBehavior [ RunTime:0.000018s ]
INFO: [ app_init ] --END-- [ RunTime:0.000677s ]
ERR: 无法加载模块:Public

[ 2017-03-21T00:30:20+08:00 ] ::1 /company/YDGW/Public/Home/css/bootstrap.css.map
INFO: [ app_init ] --START--
INFO: Run Behavior\BuildLiteBehavior [ RunTime:0.000084s ]
INFO: [ app_init ] --END-- [ RunTime:0.002411s ]
ERR: 无法加载模块:Public

[ 2017-03-21T00:30:21+08:00 ] ::1 /company/YDGW/Public/Home/css/bootstrap.css.map
INFO: [ app_init ] --START--
INFO: Run Behavior\BuildLiteBehavior [ RunTime:0.000037s ]
INFO: [ app_init ] --END-- [ RunTime:0.000692s ]
ERR: 无法加载模块:Public

[ 2017-03-21T00:30:22+08:00 ] ::1 /company/YDGW/Public/Home/css/bootstrap.css.map
INFO: [ app_init ] --START--
INFO: Run Behavior\BuildLiteBehavior [ RunTime:0.000013s ]
INFO: [ app_init ] --END-- [ RunTime:0.000449s ]
ERR: 无法加载模块:Public

[ 2017-03-21T00:30:22+08:00 ] ::1 /company/YDGW/Public/Home/css/bootstrap.css.map
INFO: [ app_init ] --START--
INFO: Run Behavior\BuildLiteBehavior [ RunTime:0.000019s ]
INFO: [ app_init ] --END-- [ RunTime:0.000728s ]
ERR: 无法加载模块:Public

[ 2017-03-21T00:30:23+08:00 ] ::1 /company/YDGW/Public/Home/css/bootstrap.css.map
INFO: [ app_init ] --START--
INFO: Run Behavior\BuildLiteBehavior [ RunTime:0.000014s ]
INFO: [ app_init ] --END-- [ RunTime:0.000494s ]
ERR: 无法加载模块:Public

[ 2017-03-21T00:30:24+08:00 ] ::1 /company/YDGW/Public/Home/css/bootstrap.css.map
INFO: [ app_init ] --START--
INFO: Run Behavior\BuildLiteBehavior [ RunTime:0.000018s ]
INFO: [ app_init ] --END-- [ RunTime:0.000638s ]
ERR: 无法加载模块:Public

[ 2017-03-21T00:30:27+08:00 ] ::1 /company/YDGW/Public/Home/css/bootstrap.css.map
INFO: [ app_init ] --START--
INFO: Run Behavior\BuildLiteBehavior [ RunTime:0.000015s ]
INFO: [ app_init ] --END-- [ RunTime:0.000638s ]
ERR: 无法加载模块:Public

[ 2017-03-21T10:55:16+08:00 ] ::1 /company/YDGW/index.html
INFO: [ app_init ] --START--
INFO: Run Behavior\BuildLiteBehavior [ RunTime:0.000012s ]
INFO: [ app_init ] --END-- [ RunTime:0.000488s ]
ERR: 无法加载模块:Index

[ 2017-03-21T10:58:31+08:00 ] ::1 /company/YDGW/Public/Home/css/bootstrap.css.map
INFO: [ app_init ] --START--
INFO: Run Behavior\BuildLiteBehavior [ RunTime:0.000013s ]
INFO: [ app_init ] --END-- [ RunTime:0.000395s ]
ERR: 无法加载模块:Public

[ 2017-03-21T10:59:04+08:00 ] ::1 /company/YDGW/Public/Home/css/bootstrap.css.map
INFO: [ app_init ] --START--
INFO: Run Behavior\BuildLiteBehavior [ RunTime:0.000014s ]
INFO: [ app_init ] --END-- [ RunTime:0.000383s ]
ERR: 无法加载模块:Public

[ 2017-03-21T11:00:07+08:00 ] ::1 /company/YDGW/Public/Home/css/bootstrap.css.map
INFO: [ app_init ] --START--
INFO: Run Behavior\BuildLiteBehavior [ RunTime:0.000016s ]
INFO: [ app_init ] --END-- [ RunTime:0.000561s ]
ERR: 无法加载模块:Public

[ 2017-03-21T11:00:17+08:00 ] ::1 /company/YDGW/Public/Home/css/bootstrap.css.map
INFO: [ app_init ] --START--
INFO: Run Behavior\BuildLiteBehavior [ RunTime:0.000013s ]
INFO: [ app_init ] --END-- [ RunTime:0.000389s ]
ERR: 无法加载模块:Public

[ 2017-03-21T11:00:26+08:00 ] ::1 /company/YDGW/Public/Home/css/bootstrap.css.map
INFO: [ app_init ] --START--
INFO: Run Behavior\BuildLiteBehavior [ RunTime:0.000022s ]
INFO: [ app_init ] --END-- [ RunTime:0.000675s ]
ERR: 无法加载模块:Public

[ 2017-03-21T11:00:31+08:00 ] ::1 /company/YDGW/Public/Home/css/bootstrap.css.map
INFO: [ app_init ] --START--
INFO: Run Behavior\BuildLiteBehavior [ RunTime:0.000017s ]
INFO: [ app_init ] --END-- [ RunTime:0.000500s ]
ERR: 无法加载模块:Public

[ 2017-03-21T11:00:40+08:00 ] ::1 /company/YDGW/Public/Home/css/bootstrap.css.map
INFO: [ app_init ] --START--
INFO: Run Behavior\BuildLiteBehavior [ RunTime:0.000014s ]
INFO: [ app_init ] --END-- [ RunTime:0.000618s ]
ERR: 无法加载模块:Public

[ 2017-03-21T11:00:43+08:00 ] ::1 /company/YDGW/Public/Home/css/bootstrap.css.map
INFO: [ app_init ] --START--
INFO: Run Behavior\BuildLiteBehavior [ RunTime:0.000013s ]
INFO: [ app_init ] --END-- [ RunTime:0.000461s ]
ERR: 无法加载模块:Public

[ 2017-03-21T11:01:52+08:00 ] ::1 /company/YDGW/Public/Home/css/bootstrap.css.map
INFO: [ app_init ] --START--
INFO: Run Behavior\BuildLiteBehavior [ RunTime:0.000013s ]
INFO: [ app_init ] --END-- [ RunTime:0.000629s ]
ERR: 无法加载模块:Public

[ 2017-03-21T11:01:56+08:00 ] ::1 /company/YDGW/Public/Home/css/bootstrap.css.map
INFO: [ app_init ] --START--
INFO: Run Behavior\BuildLiteBehavior [ RunTime:0.000019s ]
INFO: [ app_init ] --END-- [ RunTime:0.001123s ]
ERR: 无法加载模块:Public

[ 2017-03-21T11:02:50+08:00 ] ::1 /company/YDGW/Public/Home/css/bootstrap.css.map
INFO: [ app_init ] --START--
INFO: Run Behavior\BuildLiteBehavior [ RunTime:0.000015s ]
INFO: [ app_init ] --END-- [ RunTime:0.000452s ]
ERR: 无法加载模块:Public

[ 2017-03-21T11:03:42+08:00 ] ::1 /company/YDGW/Public/Home/css/bootstrap.css.map
INFO: [ app_init ] --START--
INFO: Run Behavior\BuildLiteBehavior [ RunTime:0.000021s ]
INFO: [ app_init ] --END-- [ RunTime:0.000806s ]
ERR: 无法加载模块:Public

[ 2017-03-21T11:04:03+08:00 ] ::1 /company/YDGW/Public/Home/css/bootstrap.css.map
INFO: [ app_init ] --START--
INFO: Run Behavior\BuildLiteBehavior [ RunTime:0.000026s ]
INFO: [ app_init ] --END-- [ RunTime:0.001009s ]
ERR: 无法加载模块:Public

[ 2017-03-21T11:04:06+08:00 ] ::1 /company/YDGW/Public/Home/css/bootstrap.css.map
INFO: [ app_init ] --START--
INFO: Run Behavior\BuildLiteBehavior [ RunTime:0.000023s ]
INFO: [ app_init ] --END-- [ RunTime:0.000631s ]
ERR: 无法加载模块:Public

[ 2017-03-21T11:04:08+08:00 ] ::1 /company/YDGW/Public/Home/css/bootstrap.css.map
INFO: [ app_init ] --START--
INFO: Run Behavior\BuildLiteBehavior [ RunTime:0.000023s ]
INFO: [ app_init ] --END-- [ RunTime:0.000669s ]
ERR: 无法加载模块:Public

[ 2017-03-21T11:04:10+08:00 ] ::1 /company/YDGW/Public/Home/css/bootstrap.css.map
INFO: [ app_init ] --START--
INFO: Run Behavior\BuildLiteBehavior [ RunTime:0.000018s ]
INFO: [ app_init ] --END-- [ RunTime:0.000579s ]
ERR: 无法加载模块:Public

[ 2017-03-21T11:04:12+08:00 ] ::1 /company/YDGW/Public/Home/css/bootstrap.css.map
INFO: [ app_init ] --START--
INFO: Run Behavior\BuildLiteBehavior [ RunTime:0.000029s ]
INFO: [ app_init ] --END-- [ RunTime:0.000983s ]
ERR: 无法加载模块:Public

[ 2017-03-21T11:04:15+08:00 ] ::1 /company/YDGW/Public/Home/css/bootstrap.css.map
INFO: [ app_init ] --START--
INFO: Run Behavior\BuildLiteBehavior [ RunTime:0.000021s ]
INFO: [ app_init ] --END-- [ RunTime:0.000716s ]
ERR: 无法加载模块:Public

[ 2017-03-21T11:04:17+08:00 ] ::1 /company/YDGW/Public/Home/css/bootstrap.css.map
INFO: [ app_init ] --START--
INFO: Run Behavior\BuildLiteBehavior [ RunTime:0.000026s ]
INFO: [ app_init ] --END-- [ RunTime:0.000784s ]
ERR: 无法加载模块:Public

[ 2017-03-21T11:08:06+08:00 ] ::1 /company/YDGW/Public/Home/css/bootstrap.css.map
INFO: [ app_init ] --START--
INFO: Run Behavior\BuildLiteBehavior [ RunTime:0.000012s ]
INFO: [ app_init ] --END-- [ RunTime:0.000383s ]
ERR: 无法加载模块:Public

[ 2017-03-21T11:08:14+08:00 ] ::1 /company/YDGW/Public/Home/css/bootstrap.css.map
INFO: [ app_init ] --START--
INFO: Run Behavior\BuildLiteBehavior [ RunTime:0.000018s ]
INFO: [ app_init ] --END-- [ RunTime:0.000554s ]
ERR: 无法加载模块:Public

[ 2017-03-21T11:08:19+08:00 ] ::1 /company/YDGW/Public/Home/css/bootstrap.css.map
INFO: [ app_init ] --START--
INFO: Run Behavior\BuildLiteBehavior [ RunTime:0.000018s ]
INFO: [ app_init ] --END-- [ RunTime:0.001297s ]
ERR: 无法加载模块:Public

[ 2017-03-21T11:13:14+08:00 ] ::1 /company/YDGW/Public/Home/css/bootstrap.css.map
INFO: [ app_init ] --START--
INFO: Run Behavior\BuildLiteBehavior [ RunTime:0.000012s ]
INFO: [ app_init ] --END-- [ RunTime:0.000351s ]
ERR: 无法加载模块:Public

[ 2017-03-21T11:13:17+08:00 ] ::1 /company/YDGW/Public/Home/css/bootstrap.css.map
INFO: [ app_init ] --START--
INFO: Run Behavior\BuildLiteBehavior [ RunTime:0.000013s ]
INFO: [ app_init ] --END-- [ RunTime:0.000355s ]
ERR: 无法加载模块:Public

[ 2017-03-21T11:13:21+08:00 ] ::1 /company/YDGW/Public/Home/css/bootstrap.css.map
INFO: [ app_init ] --START--
INFO: Run Behavior\BuildLiteBehavior [ RunTime:0.000014s ]
INFO: [ app_init ] --END-- [ RunTime:0.000373s ]
ERR: 无法加载模块:Public

[ 2017-03-21T11:13:24+08:00 ] ::1 /company/YDGW/Public/Home/css/bootstrap.css.map
INFO: [ app_init ] --START--
INFO: Run Behavior\BuildLiteBehavior [ RunTime:0.000023s ]
INFO: [ app_init ] --END-- [ RunTime:0.000693s ]
ERR: 无法加载模块:Public

[ 2017-03-21T11:13:28+08:00 ] ::1 /company/YDGW/Public/Home/css/bootstrap.css.map
INFO: [ app_init ] --START--
INFO: Run Behavior\BuildLiteBehavior [ RunTime:0.000022s ]
INFO: [ app_init ] --END-- [ RunTime:0.000567s ]
ERR: 无法加载模块:Public

[ 2017-03-21T11:13:32+08:00 ] ::1 /company/YDGW/Public/Home/css/bootstrap.css.map
INFO: [ app_init ] --START--
INFO: Run Behavior\BuildLiteBehavior [ RunTime:0.000013s ]
INFO: [ app_init ] --END-- [ RunTime:0.000377s ]
ERR: 无法加载模块:Public

[ 2017-03-21T11:13:35+08:00 ] ::1 /company/YDGW/Public/Home/css/bootstrap.css.map
INFO: [ app_init ] --START--
INFO: Run Behavior\BuildLiteBehavior [ RunTime:0.000014s ]
INFO: [ app_init ] --END-- [ RunTime:0.000413s ]
ERR: 无法加载模块:Public

[ 2017-03-21T11:13:41+08:00 ] ::1 /company/YDGW/Public/Home/css/bootstrap.css.map
INFO: [ app_init ] --START--
INFO: Run Behavior\BuildLiteBehavior [ RunTime:0.000013s ]
INFO: [ app_init ] --END-- [ RunTime:0.000417s ]
ERR: 无法加载模块:Public

[ 2017-03-21T11:13:45+08:00 ] ::1 /company/YDGW/Public/Home/css/bootstrap.css.map
INFO: [ app_init ] --START--
INFO: Run Behavior\BuildLiteBehavior [ RunTime:0.000013s ]
INFO: [ app_init ] --END-- [ RunTime:0.000490s ]
ERR: 无法加载模块:Public

[ 2017-03-21T11:13:48+08:00 ] ::1 /company/YDGW/Public/Home/css/bootstrap.css.map
INFO: [ app_init ] --START--
INFO: Run Behavior\BuildLiteBehavior [ RunTime:0.000023s ]
INFO: [ app_init ] --END-- [ RunTime:0.000622s ]
ERR: 无法加载模块:Public

[ 2017-03-21T11:20:17+08:00 ] ::1 /company/YDGW/Public/Home/css/bootstrap.css.map
INFO: [ app_init ] --START--
INFO: Run Behavior\BuildLiteBehavior [ RunTime:0.000014s ]
INFO: [ app_init ] --END-- [ RunTime:0.000405s ]
ERR: 无法加载模块:Public

[ 2017-03-21T11:20:28+08:00 ] ::1 /company/YDGW/Public/Home/css/bootstrap.css.map
INFO: [ app_init ] --START--
INFO: Run Behavior\BuildLiteBehavior [ RunTime:0.000019s ]
INFO: [ app_init ] --END-- [ RunTime:0.000462s ]
ERR: 无法加载模块:Public

[ 2017-03-21T11:20:35+08:00 ] ::1 /company/YDGW/Public/Home/css/bootstrap.css.map
INFO: [ app_init ] --START--
INFO: Run Behavior\BuildLiteBehavior [ RunTime:0.000021s ]
INFO: [ app_init ] --END-- [ RunTime:0.000684s ]
ERR: 无法加载模块:Public

[ 2017-03-21T11:47:17+08:00 ] ::1 /company/YDGW/Public/Home/css/bootstrap.css.map
INFO: [ app_init ] --START--
INFO: Run Behavior\BuildLiteBehavior [ RunTime:0.000026s ]
INFO: [ app_init ] --END-- [ RunTime:0.000570s ]
ERR: 无法加载模块:Public

[ 2017-03-21T11:47:46+08:00 ] ::1 /company/YDGW/Public/Home/css/bootstrap.css.map
INFO: [ app_init ] --START--
INFO: Run Behavior\BuildLiteBehavior [ RunTime:0.000058s ]
INFO: [ app_init ] --END-- [ RunTime:0.001021s ]
ERR: 无法加载模块:Public

[ 2017-03-21T11:47:47+08:00 ] ::1 /company/YDGW/Public/Home/css/bootstrap.css.map
INFO: [ app_init ] --START--
INFO: Run Behavior\BuildLiteBehavior [ RunTime:0.000014s ]
INFO: [ app_init ] --END-- [ RunTime:0.000435s ]
ERR: 无法加载模块:Public

[ 2017-03-21T11:47:48+08:00 ] ::1 /company/YDGW/Public/Home/css/bootstrap.css.map
INFO: [ app_init ] --START--
INFO: Run Behavior\BuildLiteBehavior [ RunTime:0.000024s ]
INFO: [ app_init ] --END-- [ RunTime:0.000605s ]
ERR: 无法加载模块:Public

[ 2017-03-21T11:47:56+08:00 ] ::1 /company/YDGW/Public/Home/css/bootstrap.css.map
INFO: [ app_init ] --START--
INFO: Run Behavior\BuildLiteBehavior [ RunTime:0.000012s ]
INFO: [ app_init ] --END-- [ RunTime:0.000397s ]
ERR: 无法加载模块:Public

[ 2017-03-21T11:47:57+08:00 ] ::1 /company/YDGW/Public/Home/css/bootstrap.css.map
INFO: [ app_init ] --START--
INFO: Run Behavior\BuildLiteBehavior [ RunTime:0.000014s ]
INFO: [ app_init ] --END-- [ RunTime:0.001318s ]
ERR: 无法加载模块:Public

[ 2017-03-21T11:49:03+08:00 ] ::1 /company/YDGW/Public/Home/css/bootstrap.css.map
INFO: [ app_init ] --START--
INFO: Run Behavior\BuildLiteBehavior [ RunTime:0.000012s ]
INFO: [ app_init ] --END-- [ RunTime:0.000346s ]
ERR: 无法加载模块:Public

[ 2017-03-21T11:49:32+08:00 ] ::1 /company/YDGW/Public/Home/css/bootstrap.css.map
INFO: [ app_init ] --START--
INFO: Run Behavior\BuildLiteBehavior [ RunTime:0.000016s ]
INFO: [ app_init ] --END-- [ RunTime:0.000437s ]
ERR: 无法加载模块:Public

[ 2017-03-21T11:50:04+08:00 ] ::1 /company/YDGW/Public/Home/css/bootstrap.css.map
INFO: [ app_init ] --START--
INFO: Run Behavior\BuildLiteBehavior [ RunTime:0.000016s ]
INFO: [ app_init ] --END-- [ RunTime:0.000742s ]
ERR: 无法加载模块:Public

[ 2017-03-21T11:50:22+08:00 ] ::1 /company/YDGW/Public/Home/css/bootstrap.css.map
INFO: [ app_init ] --START--
INFO: Run Behavior\BuildLiteBehavior [ RunTime:0.000019s ]
INFO: [ app_init ] --END-- [ RunTime:0.000447s ]
ERR: 无法加载模块:Public

[ 2017-03-21T12:43:58+08:00 ] ::1 /company/YDGW/Public/Home/css/bootstrap.css.map
INFO: [ app_init ] --START--
INFO: Run Behavior\BuildLiteBehavior [ RunTime:0.000013s ]
INFO: [ app_init ] --END-- [ RunTime:0.000446s ]
ERR: 无法加载模块:Public

[ 2017-03-21T12:44:43+08:00 ] ::1 /company/YDGW/Public/Home/css/bootstrap.css.map
INFO: [ app_init ] --START--
INFO: Run Behavior\BuildLiteBehavior [ RunTime:0.000021s ]
INFO: [ app_init ] --END-- [ RunTime:0.000635s ]
ERR: 无法加载模块:Public

[ 2017-03-21T12:44:44+08:00 ] ::1 /company/YDGW/Public/Home/css/bootstrap.css.map
INFO: [ app_init ] --START--
INFO: Run Behavior\BuildLiteBehavior [ RunTime:0.000026s ]
INFO: [ app_init ] --END-- [ RunTime:0.000767s ]
ERR: 无法加载模块:Public

[ 2017-03-21T12:44:48+08:00 ] ::1 /company/YDGW/Public/Home/css/bootstrap.css.map
INFO: [ app_init ] --START--
INFO: Run Behavior\BuildLiteBehavior [ RunTime:0.000020s ]
INFO: [ app_init ] --END-- [ RunTime:0.000697s ]
ERR: 无法加载模块:Public

[ 2017-03-21T12:45:53+08:00 ] ::1 /company/YDGW/Public/Home/css/bootstrap.css.map
INFO: [ app_init ] --START--
INFO: Run Behavior\BuildLiteBehavior [ RunTime:0.000027s ]
INFO: [ app_init ] --END-- [ RunTime:0.000917s ]
ERR: 无法加载模块:Public

[ 2017-03-21T12:47:15+08:00 ] ::1 /company/YDGW/Public/Home/css/bootstrap.css.map
INFO: [ app_init ] --START--
INFO: Run Behavior\BuildLiteBehavior [ RunTime:0.000015s ]
INFO: [ app_init ] --END-- [ RunTime:0.000435s ]
ERR: 无法加载模块:Public

[ 2017-03-21T12:47:21+08:00 ] ::1 /company/YDGW/Public/Home/css/bootstrap.css.map
INFO: [ app_init ] --START--
INFO: Run Behavior\BuildLiteBehavior [ RunTime:0.000023s ]
INFO: [ app_init ] --END-- [ RunTime:0.000999s ]
ERR: 无法加载模块:Public

[ 2017-03-21T12:47:38+08:00 ] ::1 /company/YDGW/Public/Home/css/bootstrap.css.map
INFO: [ app_init ] --START--
INFO: Run Behavior\BuildLiteBehavior [ RunTime:0.000028s ]
INFO: [ app_init ] --END-- [ RunTime:0.000915s ]
ERR: 无法加载模块:Public

[ 2017-03-21T12:52:09+08:00 ] ::1 /company/YDGW/Public/Home/css/bootstrap.css.map
INFO: [ app_init ] --START--
INFO: Run Behavior\BuildLiteBehavior [ RunTime:0.000016s ]
INFO: [ app_init ] --END-- [ RunTime:0.000638s ]
ERR: 无法加载模块:Public

[ 2017-03-21T12:52:10+08:00 ] ::1 /company/YDGW/Public/Home/css/bootstrap.css.map
INFO: [ app_init ] --START--
INFO: Run Behavior\BuildLiteBehavior [ RunTime:0.000013s ]
INFO: [ app_init ] --END-- [ RunTime:0.000419s ]
ERR: 无法加载模块:Public

[ 2017-03-21T12:53:13+08:00 ] ::1 /company/YDGW/Public/Home/css/bootstrap.css.map
INFO: [ app_init ] --START--
INFO: Run Behavior\BuildLiteBehavior [ RunTime:0.000035s ]
INFO: [ app_init ] --END-- [ RunTime:0.000693s ]
ERR: 无法加载模块:Public

[ 2017-03-21T12:53:25+08:00 ] ::1 /company/YDGW/Public/Home/css/bootstrap.css.map
INFO: [ app_init ] --START--
INFO: Run Behavior\BuildLiteBehavior [ RunTime:0.000013s ]
INFO: [ app_init ] --END-- [ RunTime:0.000484s ]
ERR: 无法加载模块:Public

[ 2017-03-21T12:53:58+08:00 ] ::1 /company/YDGW/Public/Home/css/bootstrap.css.map
INFO: [ app_init ] --START--
INFO: Run Behavior\BuildLiteBehavior [ RunTime:0.000013s ]
INFO: [ app_init ] --END-- [ RunTime:0.000386s ]
ERR: 无法加载模块:Public

[ 2017-03-21T12:54:40+08:00 ] ::1 /company/YDGW/Public/Home/css/bootstrap.css.map
INFO: [ app_init ] --START--
INFO: Run Behavior\BuildLiteBehavior [ RunTime:0.000019s ]
INFO: [ app_init ] --END-- [ RunTime:0.000608s ]
ERR: 无法加载模块:Public

[ 2017-03-21T12:55:12+08:00 ] ::1 /company/YDGW/Public/Home/css/bootstrap.css.map
INFO: [ app_init ] --START--
INFO: Run Behavior\BuildLiteBehavior [ RunTime:0.000012s ]
INFO: [ app_init ] --END-- [ RunTime:0.000405s ]
ERR: 无法加载模块:Public

[ 2017-03-21T12:55:32+08:00 ] ::1 /company/YDGW/Public/Home/css/bootstrap.css.map
INFO: [ app_init ] --START--
INFO: Run Behavior\BuildLiteBehavior [ RunTime:0.000041s ]
INFO: [ app_init ] --END-- [ RunTime:0.000747s ]
ERR: 无法加载模块:Public

[ 2017-03-21T12:56:04+08:00 ] ::1 /company/YDGW/Public/Home/css/bootstrap.css.map
INFO: [ app_init ] --START--
INFO: Run Behavior\BuildLiteBehavior [ RunTime:0.000014s ]
INFO: [ app_init ] --END-- [ RunTime:0.000453s ]
ERR: 无法加载模块:Public

[ 2017-03-21T12:56:51+08:00 ] ::1 /company/YDGW/Public/Home/css/bootstrap.css.map
INFO: [ app_init ] --START--
INFO: Run Behavior\BuildLiteBehavior [ RunTime:0.000013s ]
INFO: [ app_init ] --END-- [ RunTime:0.000406s ]
ERR: 无法加载模块:Public

[ 2017-03-21T12:57:03+08:00 ] ::1 /company/YDGW/Public/Home/css/bootstrap.css.map
INFO: [ app_init ] --START--
INFO: Run Behavior\BuildLiteBehavior [ RunTime:0.000026s ]
INFO: [ app_init ] --END-- [ RunTime:0.000766s ]
ERR: 无法加载模块:Public

[ 2017-03-21T12:57:32+08:00 ] ::1 /company/YDGW/Public/Home/css/bootstrap.css.map
INFO: [ app_init ] --START--
INFO: Run Behavior\BuildLiteBehavior [ RunTime:0.000014s ]
INFO: [ app_init ] --END-- [ RunTime:0.000426s ]
ERR: 无法加载模块:Public

[ 2017-03-21T12:58:43+08:00 ] ::1 /company/YDGW/Public/Home/css/bootstrap.css.map
INFO: [ app_init ] --START--
INFO: Run Behavior\BuildLiteBehavior [ RunTime:0.000012s ]
INFO: [ app_init ] --END-- [ RunTime:0.000447s ]
ERR: 无法加载模块:Public

[ 2017-03-21T12:59:29+08:00 ] ::1 /company/YDGW/Public/Home/css/bootstrap.css.map
INFO: [ app_init ] --START--
INFO: Run Behavior\BuildLiteBehavior [ RunTime:0.000013s ]
INFO: [ app_init ] --END-- [ RunTime:0.000407s ]
ERR: 无法加载模块:Public

[ 2017-03-21T12:59:49+08:00 ] ::1 /company/YDGW/Public/Home/css/bootstrap.css.map
INFO: [ app_init ] --START--
INFO: Run Behavior\BuildLiteBehavior [ RunTime:0.000014s ]
INFO: [ app_init ] --END-- [ RunTime:0.000430s ]
ERR: 无法加载模块:Public

[ 2017-03-21T13:00:59+08:00 ] ::1 /company/YDGW/Public/Home/css/bootstrap.css.map
INFO: [ app_init ] --START--
INFO: Run Behavior\BuildLiteBehavior [ RunTime:0.000012s ]
INFO: [ app_init ] --END-- [ RunTime:0.000401s ]
ERR: 无法加载模块:Public

[ 2017-03-21T13:01:19+08:00 ] ::1 /company/YDGW/Public/Home/css/bootstrap.css.map
INFO: [ app_init ] --START--
INFO: Run Behavior\BuildLiteBehavior [ RunTime:0.000023s ]
INFO: [ app_init ] --END-- [ RunTime:0.000483s ]
ERR: 无法加载模块:Public

[ 2017-03-21T13:03:52+08:00 ] ::1 /company/YDGW/Public/Home/css/bootstrap.css.map
INFO: [ app_init ] --START--
INFO: Run Behavior\BuildLiteBehavior [ RunTime:0.000017s ]
INFO: [ app_init ] --END-- [ RunTime:0.000480s ]
ERR: 无法加载模块:Public

[ 2017-03-21T13:04:03+08:00 ] ::1 /company/YDGW/Public/Home/css/bootstrap.css.map
INFO: [ app_init ] --START--
INFO: Run Behavior\BuildLiteBehavior [ RunTime:0.000015s ]
INFO: [ app_init ] --END-- [ RunTime:0.000448s ]
ERR: 无法加载模块:Public

[ 2017-03-21T13:04:04+08:00 ] ::1 /company/YDGW/Public/Home/css/bootstrap.css.map
INFO: [ app_init ] --START--
INFO: Run Behavior\BuildLiteBehavior [ RunTime:0.000016s ]
INFO: [ app_init ] --END-- [ RunTime:0.000530s ]
ERR: 无法加载模块:Public

[ 2017-03-21T13:05:20+08:00 ] ::1 /company/YDGW/Public/Home/css/bootstrap.css.map
INFO: [ app_init ] --START--
INFO: Run Behavior\BuildLiteBehavior [ RunTime:0.000023s ]
INFO: [ app_init ] --END-- [ RunTime:0.000537s ]
ERR: 无法加载模块:Public

[ 2017-03-21T13:05:29+08:00 ] ::1 /company/YDGW/Public/Home/css/bootstrap.css.map
INFO: [ app_init ] --START--
INFO: Run Behavior\BuildLiteBehavior [ RunTime:0.000014s ]
INFO: [ app_init ] --END-- [ RunTime:0.000438s ]
ERR: 无法加载模块:Public

[ 2017-03-21T13:06:12+08:00 ] ::1 /company/YDGW/Public/Home/css/bootstrap.css.map
INFO: [ app_init ] --START--
INFO: Run Behavior\BuildLiteBehavior [ RunTime:0.000014s ]
INFO: [ app_init ] --END-- [ RunTime:0.000469s ]
ERR: 无法加载模块:Public

[ 2017-03-21T13:06:19+08:00 ] ::1 /company/YDGW/Public/Home/css/bootstrap.css.map
INFO: [ app_init ] --START--
INFO: Run Behavior\BuildLiteBehavior [ RunTime:0.000015s ]
INFO: [ app_init ] --END-- [ RunTime:0.000471s ]
ERR: 无法加载模块:Public

[ 2017-03-21T13:07:08+08:00 ] ::1 /company/YDGW/Public/Home/css/bootstrap.css.map
INFO: [ app_init ] --START--
INFO: Run Behavior\BuildLiteBehavior [ RunTime:0.000012s ]
INFO: [ app_init ] --END-- [ RunTime:0.000493s ]
ERR: 无法加载模块:Public

[ 2017-03-21T13:07:09+08:00 ] ::1 /company/YDGW/Public/Home/css/bootstrap.css.map
INFO: [ app_init ] --START--
INFO: Run Behavior\BuildLiteBehavior [ RunTime:0.000019s ]
INFO: [ app_init ] --END-- [ RunTime:0.000380s ]
ERR: 无法加载模块:Public

[ 2017-03-21T13:07:12+08:00 ] ::1 /company/YDGW/Public/Home/css/bootstrap.css.map
INFO: [ app_init ] --START--
INFO: Run Behavior\BuildLiteBehavior [ RunTime:0.000016s ]
INFO: [ app_init ] --END-- [ RunTime:0.000440s ]
ERR: 无法加载模块:Public

[ 2017-03-21T13:07:26+08:00 ] ::1 /company/YDGW/Public/Home/css/bootstrap.css.map
INFO: [ app_init ] --START--
INFO: Run Behavior\BuildLiteBehavior [ RunTime:0.000014s ]
INFO: [ app_init ] --END-- [ RunTime:0.000449s ]
ERR: 无法加载模块:Public

[ 2017-03-21T13:09:55+08:00 ] ::1 /company/YDGW/Public/Home/css/bootstrap.css.map
INFO: [ app_init ] --START--
INFO: Run Behavior\BuildLiteBehavior [ RunTime:0.000012s ]
INFO: [ app_init ] --END-- [ RunTime:0.000395s ]
ERR: 无法加载模块:Public

[ 2017-03-21T13:10:25+08:00 ] ::1 /company/YDGW/Public/Home/css/bootstrap.css.map
INFO: [ app_init ] --START--
INFO: Run Behavior\BuildLiteBehavior [ RunTime:0.000012s ]
INFO: [ app_init ] --END-- [ RunTime:0.000441s ]
ERR: 无法加载模块:Public

[ 2017-03-21T13:10:26+08:00 ] ::1 /company/YDGW/Public/Home/css/bootstrap.css.map
INFO: [ app_init ] --START--
INFO: Run Behavior\BuildLiteBehavior [ RunTime:0.000013s ]
INFO: [ app_init ] --END-- [ RunTime:0.000404s ]
ERR: 无法加载模块:Public

[ 2017-03-21T13:12:36+08:00 ] ::1 /company/YDGW/Public/Home/css/bootstrap.css.map
INFO: [ app_init ] --START--
INFO: Run Behavior\BuildLiteBehavior [ RunTime:0.000014s ]
INFO: [ app_init ] --END-- [ RunTime:0.000459s ]
ERR: 无法加载模块:Public

[ 2017-03-21T13:13:13+08:00 ] ::1 /company/YDGW/Public/Home/css/bootstrap.css.map
INFO: [ app_init ] --START--
INFO: Run Behavior\BuildLiteBehavior [ RunTime:0.000012s ]
INFO: [ app_init ] --END-- [ RunTime:0.000400s ]
ERR: 无法加载模块:Public

[ 2017-03-21T13:13:14+08:00 ] ::1 /company/YDGW/Public/Home/css/bootstrap.css.map
INFO: [ app_init ] --START--
INFO: Run Behavior\BuildLiteBehavior [ RunTime:0.000013s ]
INFO: [ app_init ] --END-- [ RunTime:0.000425s ]
ERR: 无法加载模块:Public

[ 2017-03-21T13:13:19+08:00 ] ::1 /company/YDGW/Public/Home/css/bootstrap.css.map
INFO: [ app_init ] --START--
INFO: Run Behavior\BuildLiteBehavior [ RunTime:0.000014s ]
INFO: [ app_init ] --END-- [ RunTime:0.000383s ]
ERR: 无法加载模块:Public

[ 2017-03-21T13:13:20+08:00 ] ::1 /company/YDGW/Public/Home/css/bootstrap.css.map
INFO: [ app_init ] --START--
INFO: Run Behavior\BuildLiteBehavior [ RunTime:0.000013s ]
INFO: [ app_init ] --END-- [ RunTime:0.000415s ]
ERR: 无法加载模块:Public

[ 2017-03-21T13:13:40+08:00 ] ::1 /company/YDGW/Public/Home/css/bootstrap.css.map
INFO: [ app_init ] --START--
INFO: Run Behavior\BuildLiteBehavior [ RunTime:0.000027s ]
INFO: [ app_init ] --END-- [ RunTime:0.001084s ]
ERR: 无法加载模块:Public

[ 2017-03-21T13:24:28+08:00 ] ::1 /company/YDGW/Public/Home/css/bootstrap.css.map
INFO: [ app_init ] --START--
INFO: Run Behavior\BuildLiteBehavior [ RunTime:0.000014s ]
INFO: [ app_init ] --END-- [ RunTime:0.000625s ]
ERR: 无法加载模块:Public

[ 2017-03-21T13:24:43+08:00 ] ::1 /company/YDGW/Public/Home/css/bootstrap.css.map
INFO: [ app_init ] --START--
INFO: Run Behavior\BuildLiteBehavior [ RunTime:0.000013s ]
INFO: [ app_init ] --END-- [ RunTime:0.000405s ]
ERR: 无法加载模块:Public

[ 2017-03-21T13:25:01+08:00 ] ::1 /company/YDGW/Public/Home/css/bootstrap.css.map
INFO: [ app_init ] --START--
INFO: Run Behavior\BuildLiteBehavior [ RunTime:0.000020s ]
INFO: [ app_init ] --END-- [ RunTime:0.000627s ]
ERR: 无法加载模块:Public

[ 2017-03-21T13:29:06+08:00 ] ::1 /company/YDGW/Public/Home/css/bootstrap.css.map
INFO: [ app_init ] --START--
INFO: Run Behavior\BuildLiteBehavior [ RunTime:0.000012s ]
INFO: [ app_init ] --END-- [ RunTime:0.000403s ]
ERR: 无法加载模块:Public

[ 2017-03-21T13:29:08+08:00 ] ::1 /company/YDGW/Public/Home/css/bootstrap.css.map
INFO: [ app_init ] --START--
INFO: Run Behavior\BuildLiteBehavior [ RunTime:0.000016s ]
INFO: [ app_init ] --END-- [ RunTime:0.000586s ]
ERR: 无法加载模块:Public

[ 2017-03-21T13:33:56+08:00 ] ::1 /company/YDGW/Public/Home/css/bootstrap.css.map
INFO: [ app_init ] --START--
INFO: Run Behavior\BuildLiteBehavior [ RunTime:0.000012s ]
INFO: [ app_init ] --END-- [ RunTime:0.000384s ]
ERR: 无法加载模块:Public

[ 2017-03-21T13:34:10+08:00 ] ::1 /company/YDGW/Public/Home/css/bootstrap.css.map
INFO: [ app_init ] --START--
INFO: Run Behavior\BuildLiteBehavior [ RunTime:0.000017s ]
INFO: [ app_init ] --END-- [ RunTime:0.000475s ]
ERR: 无法加载模块:Public

[ 2017-03-21T13:50:59+08:00 ] ::1 /company/YDGW/Public/Home/css/bootstrap.css.map
INFO: [ app_init ] --START--
INFO: Run Behavior\BuildLiteBehavior [ RunTime:0.000020s ]
INFO: [ app_init ] --END-- [ RunTime:0.000617s ]
ERR: 无法加载模块:Public

[ 2017-03-21T13:51:39+08:00 ] ::1 /company/YDGW/Public/Home/css/bootstrap.css.map
INFO: [ app_init ] --START--
INFO: Run Behavior\BuildLiteBehavior [ RunTime:0.000012s ]
INFO: [ app_init ] --END-- [ RunTime:0.000407s ]
ERR: 无法加载模块:Public

[ 2017-03-21T13:53:21+08:00 ] ::1 /company/YDGW/Pub
INFO: [ app_init ] --START--
INFO: Run Behavior\BuildLiteBehavior [ RunTime:0.000010s ]
INFO: [ app_init ] --END-- [ RunTime:0.000477s ]
ERR: 无法加载模块:Pub

[ 2017-03-21T13:53:32+08:00 ] ::1 /company/YDGW/Public/admin_login
INFO: [ app_init ] --START--
INFO: Run Behavior\BuildLiteBehavior [ RunTime:0.000015s ]
INFO: [ app_init ] --END-- [ RunTime:0.000512s ]
ERR: 无法加载模块:Public

[ 2017-03-21T14:03:23+08:00 ] ::1 /company/YDGW/Public/Home/css/bootstrap.css.map
INFO: [ app_init ] --START--
INFO: Run Behavior\BuildLiteBehavior [ RunTime:0.000013s ]
INFO: [ app_init ] --END-- [ RunTime:0.000424s ]
ERR: 无法加载模块:Public

[ 2017-03-21T14:03:48+08:00 ] ::1 /company/YDGW/Public/Home/css/bootstrap.css.map
INFO: [ app_init ] --START--
INFO: Run Behavior\BuildLiteBehavior [ RunTime:0.000013s ]
INFO: [ app_init ] --END-- [ RunTime:0.000751s ]
ERR: 无法加载模块:Public

[ 2017-03-21T14:04:02+08:00 ] ::1 /company/YDGW/Public/Home/css/bootstrap.css.map
INFO: [ app_init ] --START--
INFO: Run Behavior\BuildLiteBehavior [ RunTime:0.000025s ]
INFO: [ app_init ] --END-- [ RunTime:0.000726s ]
ERR: 无法加载模块:Public

[ 2017-03-21T14:06:35+08:00 ] ::1 /company/YDGW/Public/Home/css/bootstrap.css.map
INFO: [ app_init ] --START--
INFO: Run Behavior\BuildLiteBehavior [ RunTime:0.000024s ]
INFO: [ app_init ] --END-- [ RunTime:0.000729s ]
ERR: 无法加载模块:Public

[ 2017-03-21T14:06:41+08:00 ] ::1 /company/YDGW/Public/Home/css/bootstrap.css.map
INFO: [ app_init ] --START--
INFO: Run Behavior\BuildLiteBehavior [ RunTime:0.000016s ]
INFO: [ app_init ] --END-- [ RunTime:0.000642s ]
ERR: 无法加载模块:Public

[ 2017-03-21T14:06:44+08:00 ] ::1 /company/YDGW/Public/Home/css/bootstrap.css.map
INFO: [ app_init ] --START--
INFO: Run Behavior\BuildLiteBehavior [ RunTime:0.000021s ]
INFO: [ app_init ] --END-- [ RunTime:0.000734s ]
ERR: 无法加载模块:Public

[ 2017-03-21T14:06:50+08:00 ] ::1 /company/YDGW/Public/Home/css/bootstrap.css.map
INFO: [ app_init ] --START--
INFO: Run Behavior\BuildLiteBehavior [ RunTime:0.000014s ]
INFO: [ app_init ] --END-- [ RunTime:0.000431s ]
ERR: 无法加载模块:Public

[ 2017-03-21T17:16:02+08:00 ] ::1 /company/YDGW/Public/Home/css/bootstrap.css.map
INFO: [ app_init ] --START--
INFO: Run Behavior\BuildLiteBehavior [ RunTime:0.000019s ]
INFO: [ app_init ] --END-- [ RunTime:0.000577s ]
ERR: 无法加载模块:Public

[ 2017-03-21T17:16:02+08:00 ] ::1 /company/YDGW/Public/Home/css/bootstrap.css.map
INFO: [ app_init ] --START--
INFO: Run Behavior\BuildLiteBehavior [ RunTime:0.000023s ]
INFO: [ app_init ] --END-- [ RunTime:0.000716s ]
ERR: 无法加载模块:Public

[ 2017-03-21T17:16:02+08:00 ] ::1 /company/YDGW/Public/Home/js/jquery.min.map
INFO: [ app_init ] --START--
INFO: Run Behavior\BuildLiteBehavior [ RunTime:0.000018s ]
INFO: [ app_init ] --END-- [ RunTime:0.000583s ]
ERR: 无法加载模块:Public

[ 2017-03-21T17:19:30+08:00 ] ::1 /company/YDGW/Public/Home/css/bootstrap.css.map
INFO: [ app_init ] --START--
INFO: Run Behavior\BuildLiteBehavior [ RunTime:0.000012s ]
INFO: [ app_init ] --END-- [ RunTime:0.000379s ]
ERR: 无法加载模块:Public

[ 2017-03-21T17:20:29+08:00 ] ::1 /company/YDGW/Public/Home/css/bootstrap.css.map
INFO: [ app_init ] --START--
INFO: Run Behavior\BuildLiteBehavior [ RunTime:0.000014s ]
INFO: [ app_init ] --END-- [ RunTime:0.000404s ]
ERR: 无法加载模块:Public

[ 2017-03-21T17:42:15+08:00 ] ::1 /company/YDGW/Public/Home/css/bootstrap.css.map
INFO: [ app_init ] --START--
INFO: Run Behavior\BuildLiteBehavior [ RunTime:0.000013s ]
INFO: [ app_init ] --END-- [ RunTime:0.000397s ]
ERR: 无法加载模块:Public

[ 2017-03-21T17:44:28+08:00 ] ::1 /company/YDGW/Public/Home/css/bootstrap.css.map
INFO: [ app_init ] --START--
INFO: Run Behavior\BuildLiteBehavior [ RunTime:0.000013s ]
INFO: [ app_init ] --END-- [ RunTime:0.000471s ]
ERR: 无法加载模块:Public

[ 2017-03-21T17:44:44+08:00 ] ::1 /company/YDGW/Public/Home/css/bootstrap.css.map
INFO: [ app_init ] --START--
INFO: Run Behavior\BuildLiteBehavior [ RunTime:0.000012s ]
INFO: [ app_init ] --END-- [ RunTime:0.000352s ]
ERR: 无法加载模块:Public

[ 2017-03-21T17:47:19+08:00 ] ::1 /company/YDGW/Public/Home/css/bootstrap.css.map
INFO: [ app_init ] --START--
INFO: Run Behavior\BuildLiteBehavior [ RunTime:0.000016s ]
INFO: [ app_init ] --END-- [ RunTime:0.000411s ]
ERR: 无法加载模块:Public

[ 2017-03-21T17:47:43+08:00 ] ::1 /company/YDGW/Public/Home/css/bootstrap.css.map
INFO: [ app_init ] --START--
INFO: Run Behavior\BuildLiteBehavior [ RunTime:0.000012s ]
INFO: [ app_init ] --END-- [ RunTime:0.000370s ]
ERR: 无法加载模块:Public

[ 2017-03-21T17:48:59+08:00 ] ::1 /company/YDGW/Public/Home/css/bootstrap.css.map
INFO: [ app_init ] --START--
INFO: Run Behavior\BuildLiteBehavior [ RunTime:0.000013s ]
INFO: [ app_init ] --END-- [ RunTime:0.000438s ]
ERR: 无法加载模块:Public

[ 2017-03-21T17:50:27+08:00 ] ::1 /company/YDGW/Public/Home/css/bootstrap.css.map
INFO: [ app_init ] --START--
INFO: Run Behavior\BuildLiteBehavior [ RunTime:0.000023s ]
INFO: [ app_init ] --END-- [ RunTime:0.001220s ]
ERR: 无法加载模块:Public

[ 2017-03-21T19:36:29+08:00 ] ::1 /company/YDGW/Public/Home/css/bootstrap.css.map
INFO: [ app_init ] --START--
INFO: Run Behavior\BuildLiteBehavior [ RunTime:0.000014s ]
INFO: [ app_init ] --END-- [ RunTime:0.000370s ]
ERR: 无法加载模块:Public

[ 2017-03-21T20:32:20+08:00 ] ::1 /company/YDGW/Public/Home/css/bootstrap.css.map
INFO: [ app_init ] --START--
INFO: Run Behavior\BuildLiteBehavior [ RunTime:0.000013s ]
INFO: [ app_init ] --END-- [ RunTime:0.000401s ]
ERR: 无法加载模块:Public

[ 2017-03-21T20:32:23+08:00 ] ::1 /company/YDGW/Public/Home/css/bootstrap.css.map
INFO: [ app_init ] --START--
INFO: Run Behavior\BuildLiteBehavior [ RunTime:0.000020s ]
INFO: [ app_init ] --END-- [ RunTime:0.000663s ]
ERR: 无法加载模块:Public

[ 2017-03-21T20:34:28+08:00 ] ::1 /company/YDGW/Public/Home/css/bootstrap.css.map
INFO: [ app_init ] --START--
INFO: Run Behavior\BuildLiteBehavior [ RunTime:0.000025s ]
INFO: [ app_init ] --END-- [ RunTime:0.000623s ]
ERR: 无法加载模块:Public

[ 2017-03-21T20:34:31+08:00 ] ::1 /company/YDGW/Public/Home/css/bootstrap.css.map
INFO: [ app_init ] --START--
INFO: Run Behavior\BuildLiteBehavior [ RunTime:0.000019s ]
INFO: [ app_init ] --END-- [ RunTime:0.000582s ]
ERR: 无法加载模块:Public

[ 2017-03-21T20:34:44+08:00 ] ::1 /company/YDGW/Public/Home/css/bootstrap.css.map
INFO: [ app_init ] --START--
INFO: Run Behavior\BuildLiteBehavior [ RunTime:0.000023s ]
INFO: [ app_init ] --END-- [ RunTime:0.000651s ]
ERR: 无法加载模块:Public

[ 2017-03-21T20:34:49+08:00 ] ::1 /company/YDGW/Public/Home/css/bootstrap.css.map
INFO: [ app_init ] --START--
INFO: Run Behavior\BuildLiteBehavior [ RunTime:0.000012s ]
INFO: [ app_init ] --END-- [ RunTime:0.000358s ]
ERR: 无法加载模块:Public

[ 2017-03-21T20:34:50+08:00 ] ::1 /company/YDGW/Public/Home/css/bootstrap.css.map
INFO: [ app_init ] --START--
INFO: Run Behavior\BuildLiteBehavior [ RunTime:0.000016s ]
INFO: [ app_init ] --END-- [ RunTime:0.000445s ]
ERR: 无法加载模块:Public

[ 2017-03-21T20:34:51+08:00 ] ::1 /company/YDGW/Public/Home/css/bootstrap.css.map
INFO: [ app_init ] --START--
INFO: Run Behavior\BuildLiteBehavior [ RunTime:0.000012s ]
INFO: [ app_init ] --END-- [ RunTime:0.000355s ]
ERR: 无法加载模块:Public

[ 2017-03-21T20:34:52+08:00 ] ::1 /company/YDGW/Public/Home/css/bootstrap.css.map
INFO: [ app_init ] --START--
INFO: Run Behavior\BuildLiteBehavior [ RunTime:0.000015s ]
INFO: [ app_init ] --END-- [ RunTime:0.000481s ]
ERR: 无法加载模块:Public

[ 2017-03-21T20:34:54+08:00 ] ::1 /company/YDGW/Public/Home/css/bootstrap.css.map
INFO: [ app_init ] --START--
INFO: Run Behavior\BuildLiteBehavior [ RunTime:0.000020s ]
INFO: [ app_init ] --END-- [ RunTime:0.000783s ]
ERR: 无法加载模块:Public

[ 2017-03-21T20:35:24+08:00 ] ::1 /company/YDGW/Public/Home/css/bootstrap.css.map
INFO: [ app_init ] --START--
INFO: Run Behavior\BuildLiteBehavior [ RunTime:0.000013s ]
INFO: [ app_init ] --END-- [ RunTime:0.000399s ]
ERR: 无法加载模块:Public

[ 2017-03-21T20:35:28+08:00 ] ::1 /company/YDGW/Public/Home/css/bootstrap.css.map
INFO: [ app_init ] --START--
INFO: Run Behavior\BuildLiteBehavior [ RunTime:0.000018s ]
INFO: [ app_init ] --END-- [ RunTime:0.000548s ]
ERR: 无法加载模块:Public

[ 2017-03-21T20:35:28+08:00 ] ::1 /company/YDGW/Public/Home/css/bootstrap.css.map
INFO: [ app_init ] --START--
INFO: Run Behavior\BuildLiteBehavior [ RunTime:0.000021s ]
INFO: [ app_init ] --END-- [ RunTime:0.000874s ]
ERR: 无法加载模块:Public

[ 2017-03-21T20:35:29+08:00 ] ::1 /company/YDGW/Public/Home/css/bootstrap.css.map
INFO: [ app_init ] --START--
INFO: Run Behavior\BuildLiteBehavior [ RunTime:0.000017s ]
INFO: [ app_init ] --END-- [ RunTime:0.000402s ]
ERR: 无法加载模块:Public

[ 2017-03-21T20:36:04+08:00 ] ::1 /company/YDGW/Public/Home/css/bootstrap.css.map
INFO: [ app_init ] --START--
INFO: Run Behavior\BuildLiteBehavior [ RunTime:0.000027s ]
INFO: [ app_init ] --END-- [ RunTime:0.000660s ]
ERR: 无法加载模块:Public

[ 2017-03-21T20:36:12+08:00 ] ::1 /company/YDGW/Public/Home/css/bootstrap.css.map
INFO: [ app_init ] --START--
INFO: Run Behavior\BuildLiteBehavior [ RunTime:0.000013s ]
INFO: [ app_init ] --END-- [ RunTime:0.000424s ]
ERR: 无法加载模块:Public

[ 2017-03-21T20:38:56+08:00 ] ::1 /company/YDGW/Public/Home/css/bootstrap.css.map
INFO: [ app_init ] --START--
INFO: Run Behavior\BuildLiteBehavior [ RunTime:0.000022s ]
INFO: [ app_init ] --END-- [ RunTime:0.000799s ]
ERR: 无法加载模块:Public

[ 2017-03-21T20:48:28+08:00 ] ::1 /company/YDGW/Public/Home/css/bootstrap.css.map
INFO: [ app_init ] --START--
INFO: Run Behavior\BuildLiteBehavior [ RunTime:0.000014s ]
INFO: [ app_init ] --END-- [ RunTime:0.000471s ]
ERR: 无法加载模块:Public

[ 2017-03-21T20:48:51+08:00 ] ::1 /company/YDGW/Public/Home/css/bootstrap.css.map
INFO: [ app_init ] --START--
INFO: Run Behavior\BuildLiteBehavior [ RunTime:0.000012s ]
INFO: [ app_init ] --END-- [ RunTime:0.000362s ]
ERR: 无法加载模块:Public

[ 2017-03-21T20:49:01+08:00 ] ::1 /company/YDGW/Public/Home/css/bootstrap.css.map
INFO: [ app_init ] --START--
INFO: Run Behavior\BuildLiteBehavior [ RunTime:0.000012s ]
INFO: [ app_init ] --END-- [ RunTime:0.000432s ]
ERR: 无法加载模块:Public

[ 2017-03-21T20:50:04+08:00 ] ::1 /company/YDGW/Public/Home/css/bootstrap.css.map
INFO: [ app_init ] --START--
INFO: Run Behavior\BuildLiteBehavior [ RunTime:0.000026s ]
INFO: [ app_init ] --END-- [ RunTime:0.000679s ]
ERR: 无法加载模块:Public

[ 2017-03-21T20:50:08+08:00 ] ::1 /company/YDGW/Public/Home/css/bootstrap.css.map
INFO: [ app_init ] --START--
INFO: Run Behavior\BuildLiteBehavior [ RunTime:0.000023s ]
INFO: [ app_init ] --END-- [ RunTime:0.000693s ]
ERR: 无法加载模块:Public

[ 2017-03-21T20:50:11+08:00 ] ::1 /company/YDGW/Public/Home/css/bootstrap.css.map
INFO: [ app_init ] --START--
INFO: Run Behavior\BuildLiteBehavior [ RunTime:0.000018s ]
INFO: [ app_init ] --END-- [ RunTime:0.000576s ]
ERR: 无法加载模块:Public

[ 2017-03-21T20:50:14+08:00 ] ::1 /company/YDGW/Public/Home/css/bootstrap.css.map
INFO: [ app_init ] --START--
INFO: Run Behavior\BuildLiteBehavior [ RunTime:0.000014s ]
INFO: [ app_init ] --END-- [ RunTime:0.000402s ]
ERR: 无法加载模块:Public

[ 2017-03-21T20:50:16+08:00 ] ::1 /company/YDGW/Public/Home/css/bootstrap.css.map
INFO: [ app_init ] --START--
INFO: Run Behavior\BuildLiteBehavior [ RunTime:0.000012s ]
INFO: [ app_init ] --END-- [ RunTime:0.000387s ]
ERR: 无法加载模块:Public

[ 2017-03-21T20:50:27+08:00 ] ::1 /company/YDGW/Public/Home/css/bootstrap.css.map
INFO: [ app_init ] --START--
INFO: Run Behavior\BuildLiteBehavior [ RunTime:0.000012s ]
INFO: [ app_init ] --END-- [ RunTime:0.000394s ]
ERR: 无法加载模块:Public

[ 2017-03-21T20:50:28+08:00 ] ::1 /company/YDGW/Public/Home/css/bootstrap.css.map
INFO: [ app_init ] --START--
INFO: Run Behavior\BuildLiteBehavior [ RunTime:0.000018s ]
INFO: [ app_init ] --END-- [ RunTime:0.000536s ]
ERR: 无法加载模块:Public

[ 2017-03-21T20:50:30+08:00 ] ::1 /company/YDGW/Public/Home/css/bootstrap.css.map
INFO: [ app_init ] --START--
INFO: Run Behavior\BuildLiteBehavior [ RunTime:0.000022s ]
INFO: [ app_init ] --END-- [ RunTime:0.000666s ]
ERR: 无法加载模块:Public

[ 2017-03-21T20:50:31+08:00 ] ::1 /company/YDGW/Public/Home/css/bootstrap.css.map
INFO: [ app_init ] --START--
INFO: Run Behavior\BuildLiteBehavior [ RunTime:0.000022s ]
INFO: [ app_init ] --END-- [ RunTime:0.000665s ]
ERR: 无法加载模块:Public

[ 2017-03-21T20:50:38+08:00 ] ::1 /company/YDGW/Public/Home/css/bootstrap.css.map
INFO: [ app_init ] --START--
INFO: Run Behavior\BuildLiteBehavior [ RunTime:0.000012s ]
INFO: [ app_init ] --END-- [ RunTime:0.000348s ]
ERR: 无法加载模块:Public

[ 2017-03-21T20:50:52+08:00 ] ::1 /company/YDGW/Public/Home/css/bootstrap.css.map
INFO: [ app_init ] --START--
INFO: Run Behavior\BuildLiteBehavior [ RunTime:0.000021s ]
INFO: [ app_init ] --END-- [ RunTime:0.000477s ]
ERR: 无法加载模块:Public

[ 2017-03-21T20:51:14+08:00 ] ::1 /company/YDGW/Public/Home/css/bootstrap.css.map
INFO: [ app_init ] --START--
INFO: Run Behavior\BuildLiteBehavior [ RunTime:0.000014s ]
INFO: [ app_init ] --END-- [ RunTime:0.000387s ]
ERR: 无法加载模块:Public

[ 2017-03-21T20:51:15+08:00 ] ::1 /company/YDGW/Public/Home/css/bootstrap.css.map
INFO: [ app_init ] --START--
INFO: Run Behavior\BuildLiteBehavior [ RunTime:0.000019s ]
INFO: [ app_init ] --END-- [ RunTime:0.000534s ]
ERR: 无法加载模块:Public

[ 2017-03-21T20:51:26+08:00 ] ::1 /company/YDGW/Public/Home/css/bootstrap.css.map
INFO: [ app_init ] --START--
INFO: Run Behavior\BuildLiteBehavior [ RunTime:0.000012s ]
INFO: [ app_init ] --END-- [ RunTime:0.000363s ]
ERR: 无法加载模块:Public

[ 2017-03-21T20:51:27+08:00 ] ::1 /company/YDGW/Public/Home/css/bootstrap.css.map
INFO: [ app_init ] --START--
INFO: Run Behavior\BuildLiteBehavior [ RunTime:0.000016s ]
INFO: [ app_init ] --END-- [ RunTime:0.000606s ]
ERR: 无法加载模块:Public

[ 2017-03-21T20:51:29+08:00 ] ::1 /company/YDGW/Public/Home/css/bootstrap.css.map
INFO: [ app_init ] --START--
INFO: Run Behavior\BuildLiteBehavior [ RunTime:0.000021s ]
INFO: [ app_init ] --END-- [ RunTime:0.000530s ]
ERR: 无法加载模块:Public

[ 2017-03-21T20:51:36+08:00 ] ::1 /company/YDGW/Public/Home/css/bootstrap.css.map
INFO: [ app_init ] --START--
INFO: Run Behavior\BuildLiteBehavior [ RunTime:0.000023s ]
INFO: [ app_init ] --END-- [ RunTime:0.000610s ]
ERR: 无法加载模块:Public

[ 2017-03-21T20:53:25+08:00 ] ::1 /company/YDGW/Public/Home/css/bootstrap.css.map
INFO: [ app_init ] --START--
INFO: Run Behavior\BuildLiteBehavior [ RunTime:0.000022s ]
INFO: [ app_init ] --END-- [ RunTime:0.000629s ]
ERR: 无法加载模块:Public

[ 2017-03-21T20:53:28+08:00 ] ::1 /company/YDGW/Public/Home/css/bootstrap.css.map
INFO: [ app_init ] --START--
INFO: Run Behavior\BuildLiteBehavior [ RunTime:0.000021s ]
INFO: [ app_init ] --END-- [ RunTime:0.000551s ]
ERR: 无法加载模块:Public

[ 2017-03-21T20:53:30+08:00 ] ::1 /company/YDGW/Public/Home/css/bootstrap.css.map
INFO: [ app_init ] --START--
INFO: Run Behavior\BuildLiteBehavior [ RunTime:0.000029s ]
INFO: [ app_init ] --END-- [ RunTime:0.000613s ]
ERR: 无法加载模块:Public

[ 2017-03-21T20:53:31+08:00 ] ::1 /company/YDGW/Public/Home/css/bootstrap.css.map
INFO: [ app_init ] --START--
INFO: Run Behavior\BuildLiteBehavior [ RunTime:0.000020s ]
INFO: [ app_init ] --END-- [ RunTime:0.000634s ]
ERR: 无法加载模块:Public

[ 2017-03-21T20:53:34+08:00 ] ::1 /company/YDGW/Public/Home/css/bootstrap.css.map
INFO: [ app_init ] --START--
INFO: Run Behavior\BuildLiteBehavior [ RunTime:0.000089s ]
INFO: [ app_init ] --END-- [ RunTime:0.001439s ]
ERR: 无法加载模块:Public

[ 2017-03-21T20:54:03+08:00 ] ::1 /company/YDGW/Public/Home/css/bootstrap.css.map
INFO: [ app_init ] --START--
INFO: Run Behavior\BuildLiteBehavior [ RunTime:0.000020s ]
INFO: [ app_init ] --END-- [ RunTime:0.000669s ]
ERR: 无法加载模块:Public

[ 2017-03-21T21:26:20+08:00 ] ::1 /company/YDGW/Public/Home/css/bootstrap.css.map
INFO: [ app_init ] --START--
INFO: Run Behavior\BuildLiteBehavior [ RunTime:0.000020s ]
INFO: [ app_init ] --END-- [ RunTime:0.000584s ]
ERR: 无法加载模块:Public

[ 2017-03-21T21:26:23+08:00 ] ::1 /company/YDGW/Public/Home/css/bootstrap.css.map
INFO: [ app_init ] --START--
INFO: Run Behavior\BuildLiteBehavior [ RunTime:0.000022s ]
INFO: [ app_init ] --END-- [ RunTime:0.000765s ]
ERR: 无法加载模块:Public

[ 2017-03-21T21:26:28+08:00 ] ::1 /company/YDGW/Public/Home/css/bootstrap.css.map
INFO: [ app_init ] --START--
INFO: Run Behavior\BuildLiteBehavior [ RunTime:0.000016s ]
INFO: [ app_init ] --END-- [ RunTime:0.000524s ]
ERR: 无法加载模块:Public

[ 2017-03-21T21:26:46+08:00 ] ::1 /company/YDGW/Public/Home/css/bootstrap.css.map
INFO: [ app_init ] --START--
INFO: Run Behavior\BuildLiteBehavior [ RunTime:0.000018s ]
INFO: [ app_init ] --END-- [ RunTime:0.000635s ]
ERR: 无法加载模块:Public

[ 2017-03-21T21:26:50+08:00 ] ::1 /company/YDGW/Public/Home/css/bootstrap.css.map
INFO: [ app_init ] --START--
INFO: Run Behavior\BuildLiteBehavior [ RunTime:0.000019s ]
INFO: [ app_init ] --END-- [ RunTime:0.000575s ]
ERR: 无法加载模块:Public

[ 2017-03-21T21:26:53+08:00 ] ::1 /company/YDGW/Public/Home/css/bootstrap.css.map
INFO: [ app_init ] --START--
INFO: Run Behavior\BuildLiteBehavior [ RunTime:0.000016s ]
INFO: [ app_init ] --END-- [ RunTime:0.000881s ]
ERR: 无法加载模块:Public

[ 2017-03-21T21:27:11+08:00 ] ::1 /company/YDGW/Public/Home/css/bootstrap.css.map
INFO: [ app_init ] --START--
INFO: Run Behavior\BuildLiteBehavior [ RunTime:0.000019s ]
INFO: [ app_init ] --END-- [ RunTime:0.000543s ]
ERR: 无法加载模块:Public

[ 2017-03-21T21:27:17+08:00 ] ::1 /company/YDGW/Public/Home/css/bootstrap.css.map
INFO: [ app_init ] --START--
INFO: Run Behavior\BuildLiteBehavior [ RunTime:0.000020s ]
INFO: [ app_init ] --END-- [ RunTime:0.000617s ]
ERR: 无法加载模块:Public

[ 2017-03-21T21:27:25+08:00 ] ::1 /company/YDGW/Public/Home/css/bootstrap.css.map
INFO: [ app_init ] --START--
INFO: Run Behavior\BuildLiteBehavior [ RunTime:0.000013s ]
INFO: [ app_init ] --END-- [ RunTime:0.000392s ]
ERR: 无法加载模块:Public

[ 2017-03-21T21:27:44+08:00 ] ::1 /company/YDGW/Public/Home/css/bootstrap.css.map
INFO: [ app_init ] --START--
INFO: Run Behavior\BuildLiteBehavior [ RunTime:0.000039s ]
INFO: [ app_init ] --END-- [ RunTime:0.000683s ]
ERR: 无法加载模块:Public

[ 2017-03-21T21:27:46+08:00 ] ::1 /company/YDGW/Public/Home/css/bootstrap.css.map
INFO: [ app_init ] --START--
INFO: Run Behavior\BuildLiteBehavior [ RunTime:0.000020s ]
INFO: [ app_init ] --END-- [ RunTime:0.000618s ]
ERR: 无法加载模块:Public

[ 2017-03-21T21:27:49+08:00 ] ::1 /company/YDGW/Public/Home/css/bootstrap.css.map
INFO: [ app_init ] --START--
INFO: Run Behavior\BuildLiteBehavior [ RunTime:0.000020s ]
INFO: [ app_init ] --END-- [ RunTime:0.000443s ]
ERR: 无法加载模块:Public

[ 2017-03-21T21:27:52+08:00 ] ::1 /company/YDGW/Public/Home/css/bootstrap.css.map
INFO: [ app_init ] --START--
INFO: Run Behavior\BuildLiteBehavior [ RunTime:0.000019s ]
INFO: [ app_init ] --END-- [ RunTime:0.000574s ]
ERR: 无法加载模块:Public

[ 2017-03-21T21:27:54+08:00 ] ::1 /company/YDGW/Public/Home/css/bootstrap.css.map
INFO: [ app_init ] --START--
INFO: Run Behavior\BuildLiteBehavior [ RunTime:0.000022s ]
INFO: [ app_init ] --END-- [ RunTime:0.000603s ]
ERR: 无法加载模块:Public

[ 2017-03-21T21:27:57+08:00 ] ::1 /company/YDGW/Public/Home/css/bootstrap.css.map
INFO: [ app_init ] --START--
INFO: Run Behavior\BuildLiteBehavior [ RunTime:0.000021s ]
INFO: [ app_init ] --END-- [ RunTime:0.000602s ]
ERR: 无法加载模块:Public

[ 2017-03-21T21:28:02+08:00 ] ::1 /company/YDGW/Public/Home/css/bootstrap.css.map
INFO: [ app_init ] --START--
INFO: Run Behavior\BuildLiteBehavior [ RunTime:0.000019s ]
INFO: [ app_init ] --END-- [ RunTime:0.000455s ]
ERR: 无法加载模块:Public

[ 2017-03-21T21:28:13+08:00 ] ::1 /company/YDGW/Public/Home/css/bootstrap.css.map
INFO: [ app_init ] --START--
INFO: Run Behavior\BuildLiteBehavior [ RunTime:0.000021s ]
INFO: [ app_init ] --END-- [ RunTime:0.000684s ]
ERR: 无法加载模块:Public

[ 2017-03-21T21:28:18+08:00 ] ::1 /company/YDGW/Public/Home/css/bootstrap.css.map
INFO: [ app_init ] --START--
INFO: Run Behavior\BuildLiteBehavior [ RunTime:0.000019s ]
INFO: [ app_init ] --END-- [ RunTime:0.000637s ]
ERR: 无法加载模块:Public

[ 2017-03-21T21:28:24+08:00 ] ::1 /company/YDGW/Public/Home/css/bootstrap.css.map
INFO: [ app_init ] --START--
INFO: Run Behavior\BuildLiteBehavior [ RunTime:0.000021s ]
INFO: [ app_init ] --END-- [ RunTime:0.000641s ]
ERR: 无法加载模块:Public

[ 2017-03-21T21:29:21+08:00 ] ::1 /company/YDGW/Public/Home/css/bootstrap.css.map
INFO: [ app_init ] --START--
INFO: Run Behavior\BuildLiteBehavior [ RunTime:0.000021s ]
INFO: [ app_init ] --END-- [ RunTime:0.000459s ]
ERR: 无法加载模块:Public

[ 2017-03-21T21:29:54+08:00 ] ::1 /company/YDGW/Public/Home/css/bootstrap.css.map
INFO: [ app_init ] --START--
INFO: Run Behavior\BuildLiteBehavior [ RunTime:0.000014s ]
INFO: [ app_init ] --END-- [ RunTime:0.000514s ]
ERR: 无法加载模块:Public

[ 2017-03-21T21:30:18+08:00 ] ::1 /company/YDGW/Public/Home/css/bootstrap.css.map
INFO: [ app_init ] --START--
INFO: Run Behavior\BuildLiteBehavior [ RunTime:0.000152s ]
INFO: [ app_init ] --END-- [ RunTime:0.001161s ]
ERR: 无法加载模块:Public

[ 2017-03-21T21:32:49+08:00 ] ::1 /company/YDGW/Public/Home/css/bootstrap.css.map
INFO: [ app_init ] --START--
INFO: Run Behavior\BuildLiteBehavior [ RunTime:0.000023s ]
INFO: [ app_init ] --END-- [ RunTime:0.000793s ]
ERR: 无法加载模块:Public

[ 2017-03-21T21:34:03+08:00 ] ::1 /company/YDGW/Public/Home/css/bootstrap.css.map
INFO: [ app_init ] --START--
INFO: Run Behavior\BuildLiteBehavior [ RunTime:0.000021s ]
INFO: [ app_init ] --END-- [ RunTime:0.000588s ]
ERR: 无法加载模块:Public

[ 2017-03-21T21:36:32+08:00 ] ::1 /company/YDGW/Public/Home/css/bootstrap.css.map
INFO: [ app_init ] --START--
INFO: Run Behavior\BuildLiteBehavior [ RunTime:0.000015s ]
INFO: [ app_init ] --END-- [ RunTime:0.000565s ]
ERR: 无法加载模块:Public

[ 2017-03-21T21:36:40+08:00 ] ::1 /company/YDGW/Public/Home/css/bootstrap.css.map
INFO: [ app_init ] --START--
INFO: Run Behavior\BuildLiteBehavior [ RunTime:0.000021s ]
INFO: [ app_init ] --END-- [ RunTime:0.000678s ]
ERR: 无法加载模块:Public

[ 2017-03-21T21:36:50+08:00 ] ::1 /company/YDGW/Public/Home/css/bootstrap.css.map
INFO: [ app_init ] --START--
INFO: Run Behavior\BuildLiteBehavior [ RunTime:0.000020s ]
INFO: [ app_init ] --END-- [ RunTime:0.000679s ]
ERR: 无法加载模块:Public

[ 2017-03-21T21:38:27+08:00 ] ::1 /company/YDGW/Public/Home/css/bootstrap.css.map
INFO: [ app_init ] --START--
INFO: Run Behavior\BuildLiteBehavior [ RunTime:0.000022s ]
INFO: [ app_init ] --END-- [ RunTime:0.001192s ]
ERR: 无法加载模块:Public

[ 2017-03-21T21:43:20+08:00 ] ::1 /company/YDGW/Public/Home/css/bootstrap.css.map
INFO: [ app_init ] --START--
INFO: Run Behavior\BuildLiteBehavior [ RunTime:0.000015s ]
INFO: [ app_init ] --END-- [ RunTime:0.000498s ]
ERR: 无法加载模块:Public

[ 2017-03-21T21:43:38+08:00 ] ::1 /company/YDGW/Public/Home/css/bootstrap.css.map
INFO: [ app_init ] --START--
INFO: Run Behavior\BuildLiteBehavior [ RunTime:0.000021s ]
INFO: [ app_init ] --END-- [ RunTime:0.000706s ]
ERR: 无法加载模块:Public

[ 2017-03-21T21:43:39+08:00 ] ::1 /company/YDGW/Public/Home/css/bootstrap.css.map
INFO: [ app_init ] --START--
INFO: Run Behavior\BuildLiteBehavior [ RunTime:0.000018s ]
INFO: [ app_init ] --END-- [ RunTime:0.000524s ]
ERR: 无法加载模块:Public

[ 2017-03-21T21:46:49+08:00 ] ::1 /company/YDGW/Public/Home/css/bootstrap.css.map
INFO: [ app_init ] --START--
INFO: Run Behavior\BuildLiteBehavior [ RunTime:0.000013s ]
INFO: [ app_init ] --END-- [ RunTime:0.000404s ]
ERR: 无法加载模块:Public

[ 2017-03-21T21:47:09+08:00 ] ::1 /company/YDGW/Public/Home/css/bootstrap.css.map
INFO: [ app_init ] --START--
INFO: Run Behavior\BuildLiteBehavior [ RunTime:0.000022s ]
INFO: [ app_init ] --END-- [ RunTime:0.000696s ]
ERR: 无法加载模块:Public

[ 2017-03-21T21:47:16+08:00 ] ::1 /company/YDGW/Public/Home/css/bootstrap.css.map
INFO: [ app_init ] --START--
INFO: Run Behavior\BuildLiteBehavior [ RunTime:0.000018s ]
INFO: [ app_init ] --END-- [ RunTime:0.000561s ]
ERR: 无法加载模块:Public

[ 2017-03-21T21:48:53+08:00 ] ::1 /company/YDGW/Public/Home/css/bootstrap.css.map
INFO: [ app_init ] --START--
INFO: Run Behavior\BuildLiteBehavior [ RunTime:0.000013s ]
INFO: [ app_init ] --END-- [ RunTime:0.000495s ]
ERR: 无法加载模块:Public

[ 2017-03-21T21:48:53+08:00 ] ::1 /company/YDGW/Public/Home/css/bootstrap.css.map
INFO: [ app_init ] --START--
INFO: Run Behavior\BuildLiteBehavior [ RunTime:0.000013s ]
INFO: [ app_init ] --END-- [ RunTime:0.000383s ]
ERR: 无法加载模块:Public

[ 2017-03-21T21:49:23+08:00 ] ::1 /company/YDGW/Public/Home/css/bootstrap.css.map
INFO: [ app_init ] --START--
INFO: Run Behavior\BuildLiteBehavior [ RunTime:0.000013s ]
INFO: [ app_init ] --END-- [ RunTime:0.000447s ]
ERR: 无法加载模块:Public

[ 2017-03-21T21:49:24+08:00 ] ::1 /company/YDGW/Public/Home/css/bootstrap.css.map
INFO: [ app_init ] --START--
INFO: Run Behavior\BuildLiteBehavior [ RunTime:0.000018s ]
INFO: [ app_init ] --END-- [ RunTime:0.000535s ]
ERR: 无法加载模块:Public

[ 2017-03-21T21:49:24+08:00 ] ::1 /company/YDGW/Public/Home/css/bootstrap.css.map
INFO: [ app_init ] --START--
INFO: Run Behavior\BuildLiteBehavior [ RunTime:0.000013s ]
INFO: [ app_init ] --END-- [ RunTime:0.000356s ]
ERR: 无法加载模块:Public

[ 2017-03-21T21:49:25+08:00 ] ::1 /company/YDGW/Public/Home/css/bootstrap.css.map
INFO: [ app_init ] --START--
INFO: Run Behavior\BuildLiteBehavior [ RunTime:0.000020s ]
INFO: [ app_init ] --END-- [ RunTime:0.000582s ]
ERR: 无法加载模块:Public

[ 2017-03-21T21:50:37+08:00 ] ::1 /company/YDGW/Public/Home/css/bootstrap.css.map
INFO: [ app_init ] --START--
INFO: Run Behavior\BuildLiteBehavior [ RunTime:0.000013s ]
INFO: [ app_init ] --END-- [ RunTime:0.000387s ]
ERR: 无法加载模块:Public

[ 2017-03-21T21:50:55+08:00 ] ::1 /company/YDGW/Public/Home/css/bootstrap.css.map
INFO: [ app_init ] --START--
INFO: Run Behavior\BuildLiteBehavior [ RunTime:0.000012s ]
INFO: [ app_init ] --END-- [ RunTime:0.000390s ]
ERR: 无法加载模块:Public

[ 2017-03-21T21:51:23+08:00 ] ::1 /company/YDGW/Public/Home/css/bootstrap.css.map
INFO: [ app_init ] --START--
INFO: Run Behavior\BuildLiteBehavior [ RunTime:0.000013s ]
INFO: [ app_init ] --END-- [ RunTime:0.000374s ]
ERR: 无法加载模块:Public

[ 2017-03-21T21:51:24+08:00 ] ::1 /company/YDGW/Public/Home/css/bootstrap.css.map
INFO: [ app_init ] --START--
INFO: Run Behavior\BuildLiteBehavior [ RunTime:0.000019s ]
INFO: [ app_init ] --END-- [ RunTime:0.000471s ]
ERR: 无法加载模块:Public

[ 2017-03-21T21:51:51+08:00 ] ::1 /company/YDGW/Public/Home/css/bootstrap.css.map
INFO: [ app_init ] --START--
INFO: Run Behavior\BuildLiteBehavior [ RunTime:0.000020s ]
INFO: [ app_init ] --END-- [ RunTime:0.000747s ]
ERR: 无法加载模块:Public

[ 2017-03-21T21:52:41+08:00 ] ::1 /company/YDGW/Public/Home/css/bootstrap.css.map
INFO: [ app_init ] --START--
INFO: Run Behavior\BuildLiteBehavior [ RunTime:0.000023s ]
INFO: [ app_init ] --END-- [ RunTime:0.000597s ]
ERR: 无法加载模块:Public

[ 2017-03-21T21:53:00+08:00 ] ::1 /company/YDGW/Public/Home/css/bootstrap.css.map
INFO: [ app_init ] --START--
INFO: Run Behavior\BuildLiteBehavior [ RunTime:0.000013s ]
INFO: [ app_init ] --END-- [ RunTime:0.000355s ]
ERR: 无法加载模块:Public

[ 2017-03-21T21:53:13+08:00 ] ::1 /company/YDGW/Public/Home/css/bootstrap.css.map
INFO: [ app_init ] --START--
INFO: Run Behavior\BuildLiteBehavior [ RunTime:0.000020s ]
INFO: [ app_init ] --END-- [ RunTime:0.000659s ]
ERR: 无法加载模块:Public

[ 2017-03-21T21:54:38+08:00 ] ::1 /company/YDGW/Public/Home/css/bootstrap.css.map
INFO: [ app_init ] --START--
INFO: Run Behavior\BuildLiteBehavior [ RunTime:0.000012s ]
INFO: [ app_init ] --END-- [ RunTime:0.000401s ]
ERR: 无法加载模块:Public

[ 2017-03-21T21:54:39+08:00 ] ::1 /company/YDGW/Public/Home/css/bootstrap.css.map
INFO: [ app_init ] --START--
INFO: Run Behavior\BuildLiteBehavior [ RunTime:0.000013s ]
INFO: [ app_init ] --END-- [ RunTime:0.000524s ]
ERR: 无法加载模块:Public

[ 2017-03-21T21:58:28+08:00 ] ::1 /company/YDGW/Public/Home/css/bootstrap.css.map
INFO: [ app_init ] --START--
INFO: Run Behavior\BuildLiteBehavior [ RunTime:0.000013s ]
INFO: [ app_init ] --END-- [ RunTime:0.000428s ]
ERR: 无法加载模块:Public

[ 2017-03-21T21:58:29+08:00 ] ::1 /company/YDGW/Public/Home/css/bootstrap.css.map
INFO: [ app_init ] --START--
INFO: Run Behavior\BuildLiteBehavior [ RunTime:0.000013s ]
INFO: [ app_init ] --END-- [ RunTime:0.001074s ]
ERR: 无法加载模块:Public

[ 2017-03-21T22:04:48+08:00 ] ::1 /company/YDGW/Public/Home/css/bootstrap.css.map
INFO: [ app_init ] --START--
INFO: Run Behavior\BuildLiteBehavior [ RunTime:0.000013s ]
INFO: [ app_init ] --END-- [ RunTime:0.000474s ]
ERR: 无法加载模块:Public

[ 2017-03-21T22:05:04+08:00 ] ::1 /company/YDGW/Public/Home/css/bootstrap.css.map
INFO: [ app_init ] --START--
INFO: Run Behavior\BuildLiteBehavior [ RunTime:0.000012s ]
INFO: [ app_init ] --END-- [ RunTime:0.000354s ]
ERR: 无法加载模块:Public

[ 2017-03-21T22:06:00+08:00 ] ::1 /company/YDGW/Public/Home/css/bootstrap.css.map
INFO: [ app_init ] --START--
INFO: Run Behavior\BuildLiteBehavior [ RunTime:0.000012s ]
INFO: [ app_init ] --END-- [ RunTime:0.000429s ]
ERR: 无法加载模块:Public

[ 2017-03-21T22:06:36+08:00 ] ::1 /company/YDGW/Public/Home/css/bootstrap.css.map
INFO: [ app_init ] --START--
INFO: Run Behavior\BuildLiteBehavior [ RunTime:0.000013s ]
INFO: [ app_init ] --END-- [ RunTime:0.000354s ]
ERR: 无法加载模块:Public

[ 2017-03-21T22:10:33+08:00 ] ::1 /company/YDGW/Public/Home/css/bootstrap.css.map
INFO: [ app_init ] --START--
INFO: Run Behavior\BuildLiteBehavior [ RunTime:0.000014s ]
INFO: [ app_init ] --END-- [ RunTime:0.000459s ]
ERR: 无法加载模块:Public

[ 2017-03-21T22:11:29+08:00 ] ::1 /company/YDGW/Public/Home/css/bootstrap.css.map
INFO: [ app_init ] --START--
INFO: Run Behavior\BuildLiteBehavior [ RunTime:0.000020s ]
INFO: [ app_init ] --END-- [ RunTime:0.000355s ]
ERR: 无法加载模块:Public

[ 2017-03-21T22:12:02+08:00 ] ::1 /company/YDGW/Public/Home/css/bootstrap.css.map
INFO: [ app_init ] --START--
INFO: Run Behavior\BuildLiteBehavior [ RunTime:0.000013s ]
INFO: [ app_init ] --END-- [ RunTime:0.000441s ]
ERR: 无法加载模块:Public

[ 2017-03-21T22:14:11+08:00 ] ::1 /company/YDGW/Public/Home/css/bootstrap.css.map
INFO: [ app_init ] --START--
INFO: Run Behavior\BuildLiteBehavior [ RunTime:0.000021s ]
INFO: [ app_init ] --END-- [ RunTime:0.000633s ]
ERR: 无法加载模块:Public

[ 2017-03-21T22:14:25+08:00 ] ::1 /company/YDGW/Public/Home/css/bootstrap.css.map
INFO: [ app_init ] --START--
INFO: Run Behavior\BuildLiteBehavior [ RunTime:0.000012s ]
INFO: [ app_init ] --END-- [ RunTime:0.000398s ]
ERR: 无法加载模块:Public

[ 2017-03-21T22:14:27+08:00 ] ::1 /company/YDGW/Public/Home/css/bootstrap.css.map
INFO: [ app_init ] --START--
INFO: Run Behavior\BuildLiteBehavior [ RunTime:0.000012s ]
INFO: [ app_init ] --END-- [ RunTime:0.000344s ]
ERR: 无法加载模块:Public

[ 2017-03-21T22:14:28+08:00 ] ::1 /company/YDGW/Public/Home/css/bootstrap.css.map
INFO: [ app_init ] --START--
INFO: Run Behavior\BuildLiteBehavior [ RunTime:0.000028s ]
INFO: [ app_init ] --END-- [ RunTime:0.001044s ]
ERR: 无法加载模块:Public

[ 2017-03-21T22:14:28+08:00 ] ::1 /company/YDGW/Public/Home/css/bootstrap.css.map
INFO: [ app_init ] --START--
INFO: Run Behavior\BuildLiteBehavior [ RunTime:0.000022s ]
INFO: [ app_init ] --END-- [ RunTime:0.000583s ]
ERR: 无法加载模块:Public

[ 2017-03-21T22:14:42+08:00 ] ::1 /company/YDGW/Public/Home/css/bootstrap.css.map
INFO: [ app_init ] --START--
INFO: Run Behavior\BuildLiteBehavior [ RunTime:0.000037s ]
INFO: [ app_init ] --END-- [ RunTime:0.000938s ]
ERR: 无法加载模块:Public

[ 2017-03-21T22:14:44+08:00 ] ::1 /company/YDGW/Public/Home/css/bootstrap.css.map
INFO: [ app_init ] --START--
INFO: Run Behavior\BuildLiteBehavior [ RunTime:0.000017s ]
INFO: [ app_init ] --END-- [ RunTime:0.000585s ]
ERR: 无法加载模块:Public

[ 2017-03-21T22:14:49+08:00 ] ::1 /company/YDGW/Public/Home/css/bootstrap.css.map
INFO: [ app_init ] --START--
INFO: Run Behavior\BuildLiteBehavior [ RunTime:0.000012s ]
INFO: [ app_init ] --END-- [ RunTime:0.000359s ]
ERR: 无法加载模块:Public

[ 2017-03-21T22:16:58+08:00 ] ::1 /company/YDGW/Public/Home/css/bootstrap.css.map
INFO: [ app_init ] --START--
INFO: Run Behavior\BuildLiteBehavior [ RunTime:0.000012s ]
INFO: [ app_init ] --END-- [ RunTime:0.000384s ]
ERR: 无法加载模块:Public

[ 2017-03-21T22:17:03+08:00 ] ::1 /company/YDGW/Public/Home/css/bootstrap.css.map
INFO: [ app_init ] --START--
INFO: Run Behavior\BuildLiteBehavior [ RunTime:0.000013s ]
INFO: [ app_init ] --END-- [ RunTime:0.000384s ]
ERR: 无法加载模块:Public

[ 2017-03-21T22:19:58+08:00 ] ::1 /company/YDGW/Public/Home/css/bootstrap.css.map
INFO: [ app_init ] --START--
INFO: Run Behavior\BuildLiteBehavior [ RunTime:0.000011s ]
INFO: [ app_init ] --END-- [ RunTime:0.000558s ]
ERR: 无法加载模块:Public

[ 2017-03-21T22:22:05+08:00 ] ::1 /company/YDGW/Public/Home/css/bootstrap.css.map
INFO: [ app_init ] --START--
INFO: Run Behavior\BuildLiteBehavior [ RunTime:0.000017s ]
INFO: [ app_init ] --END-- [ RunTime:0.000456s ]
ERR: 无法加载模块:Public

[ 2017-03-21T22:23:07+08:00 ] ::1 /company/YDGW/Public/Home/css/bootstrap.css.map
INFO: [ app_init ] --START--
INFO: Run Behavior\BuildLiteBehavior [ RunTime:0.000012s ]
INFO: [ app_init ] --END-- [ RunTime:0.000391s ]
ERR: 无法加载模块:Public

[ 2017-03-21T22:31:46+08:00 ] ::1 /company/YDGW/Public/Home/css/bootstrap.css.map
INFO: [ app_init ] --START--
INFO: Run Behavior\BuildLiteBehavior [ RunTime:0.000012s ]
INFO: [ app_init ] --END-- [ RunTime:0.000419s ]
ERR: 无法加载模块:Public

[ 2017-03-21T22:31:51+08:00 ] ::1 /company/YDGW/Public/Home/css/bootstrap.css.map
INFO: [ app_init ] --START--
INFO: Run Behavior\BuildLiteBehavior [ RunTime:0.000014s ]
INFO: [ app_init ] --END-- [ RunTime:0.000396s ]
ERR: 无法加载模块:Public

[ 2017-03-21T22:38:26+08:00 ] ::1 /company/YDGW/Public/Home/css/bootstrap.css.map
INFO: [ app_init ] --START--
INFO: Run Behavior\BuildLiteBehavior [ RunTime:0.000016s ]
INFO: [ app_init ] --END-- [ RunTime:0.000495s ]
ERR: 无法加载模块:Public

[ 2017-03-21T22:38:29+08:00 ] ::1 /company/YDGW/Public/Home/css/bootstrap.css.map
INFO: [ app_init ] --START--
INFO: Run Behavior\BuildLiteBehavior [ RunTime:0.000016s ]
INFO: [ app_init ] --END-- [ RunTime:0.000512s ]
ERR: 无法加载模块:Public

[ 2017-03-21T22:38:30+08:00 ] ::1 /company/YDGW/Public/Home/css/bootstrap.css.map
INFO: [ app_init ] --START--
INFO: Run Behavior\BuildLiteBehavior [ RunTime:0.000012s ]
INFO: [ app_init ] --END-- [ RunTime:0.000474s ]
ERR: 无法加载模块:Public

[ 2017-03-21T22:38:30+08:00 ] ::1 /company/YDGW/Public/Home/css/bootstrap.css.map
INFO: [ app_init ] --START--
INFO: Run Behavior\BuildLiteBehavior [ RunTime:0.000013s ]
INFO: [ app_init ] --END-- [ RunTime:0.000423s ]
ERR: 无法加载模块:Public

[ 2017-03-21T22:38:43+08:00 ] ::1 /company/YDGW/Public/Home/css/bootstrap.css.map
INFO: [ app_init ] --START--
INFO: Run Behavior\BuildLiteBehavior [ RunTime:0.000014s ]
INFO: [ app_init ] --END-- [ RunTime:0.000581s ]
ERR: 无法加载模块:Public

[ 2017-03-21T22:38:44+08:00 ] ::1 /company/YDGW/Public/Home/css/bootstrap.css.map
INFO: [ app_init ] --START--
INFO: Run Behavior\BuildLiteBehavior [ RunTime:0.000015s ]
INFO: [ app_init ] --END-- [ RunTime:0.000473s ]
ERR: 无法加载模块:Public

[ 2017-03-21T22:38:45+08:00 ] ::1 /company/YDGW/Public/Home/css/bootstrap.css.map
INFO: [ app_init ] --START--
INFO: Run Behavior\BuildLiteBehavior [ RunTime:0.000021s ]
INFO: [ app_init ] --END-- [ RunTime:0.000620s ]
ERR: 无法加载模块:Public

[ 2017-03-21T22:38:45+08:00 ] ::1 /company/YDGW/Public/Home/css/bootstrap.css.map
INFO: [ app_init ] --START--
INFO: Run Behavior\BuildLiteBehavior [ RunTime:0.000020s ]
INFO: [ app_init ] --END-- [ RunTime:0.000583s ]
ERR: 无法加载模块:Public

[ 2017-03-21T22:38:46+08:00 ] ::1 /company/YDGW/Public/Home/css/bootstrap.css.map
INFO: [ app_init ] --START--
INFO: Run Behavior\BuildLiteBehavior [ RunTime:0.000019s ]
INFO: [ app_init ] --END-- [ RunTime:0.000559s ]
ERR: 无法加载模块:Public

[ 2017-03-21T22:38:46+08:00 ] ::1 /company/YDGW/Public/Home/css/bootstrap.css.map
INFO: [ app_init ] --START--
INFO: Run Behavior\BuildLiteBehavior [ RunTime:0.000021s ]
INFO: [ app_init ] --END-- [ RunTime:0.000565s ]
ERR: 无法加载模块:Public

[ 2017-03-21T22:38:47+08:00 ] ::1 /company/YDGW/Public/Home/css/bootstrap.css.map
INFO: [ app_init ] --START--
INFO: Run Behavior\BuildLiteBehavior [ RunTime:0.000017s ]
INFO: [ app_init ] --END-- [ RunTime:0.000502s ]
ERR: 无法加载模块:Public

[ 2017-03-21T22:38:48+08:00 ] ::1 /company/YDGW/Public/Home/css/bootstrap.css.map
INFO: [ app_init ] --START--
INFO: Run Behavior\BuildLiteBehavior [ RunTime:0.000020s ]
INFO: [ app_init ] --END-- [ RunTime:0.000482s ]
ERR: 无法加载模块:Public

[ 2017-03-21T22:38:53+08:00 ] ::1 /company/YDGW/Public/Home/css/bootstrap.css.map
INFO: [ app_init ] --START--
INFO: Run Behavior\BuildLiteBehavior [ RunTime:0.000012s ]
INFO: [ app_init ] --END-- [ RunTime:0.000358s ]
ERR: 无法加载模块:Public

[ 2017-03-21T22:38:54+08:00 ] ::1 /company/YDGW/Public/Home/css/bootstrap.css.map
INFO: [ app_init ] --START--
INFO: Run Behavior\BuildLiteBehavior [ RunTime:0.000019s ]
INFO: [ app_init ] --END-- [ RunTime:0.000553s ]
ERR: 无法加载模块:Public

[ 2017-03-21T22:38:55+08:00 ] ::1 /company/YDGW/Public/Home/css/bootstrap.css.map
INFO: [ app_init ] --START--
INFO: Run Behavior\BuildLiteBehavior [ RunTime:0.000014s ]
INFO: [ app_init ] --END-- [ RunTime:0.000612s ]
ERR: 无法加载模块:Public

[ 2017-03-21T22:38:56+08:00 ] ::1 /company/YDGW/Public/Home/css/bootstrap.css.map
INFO: [ app_init ] --START--
INFO: Run Behavior\BuildLiteBehavior [ RunTime:0.000013s ]
INFO: [ app_init ] --END-- [ RunTime:0.000519s ]
ERR: 无法加载模块:Public

[ 2017-03-21T22:38:56+08:00 ] ::1 /company/YDGW/Public/Home/css/bootstrap.css.map
INFO: [ app_init ] --START--
INFO: Run Behavior\BuildLiteBehavior [ RunTime:0.000019s ]
INFO: [ app_init ] --END-- [ RunTime:0.000465s ]
ERR: 无法加载模块:Public

[ 2017-03-21T22:38:57+08:00 ] ::1 /company/YDGW/Public/Home/css/bootstrap.css.map
INFO: [ app_init ] --START--
INFO: Run Behavior\BuildLiteBehavior [ RunTime:0.000019s ]
INFO: [ app_init ] --END-- [ RunTime:0.000576s ]
ERR: 无法加载模块:Public

[ 2017-03-21T22:38:58+08:00 ] ::1 /company/YDGW/Public/Home/css/bootstrap.css.map
INFO: [ app_init ] --START--
INFO: Run Behavior\BuildLiteBehavior [ RunTime:0.000019s ]
INFO: [ app_init ] --END-- [ RunTime:0.000722s ]
ERR: 无法加载模块:Public

[ 2017-03-21T22:38:58+08:00 ] ::1 /company/YDGW/Public/Home/css/bootstrap.css.map
INFO: [ app_init ] --START--
INFO: Run Behavior\BuildLiteBehavior [ RunTime:0.000023s ]
INFO: [ app_init ] --END-- [ RunTime:0.000507s ]
ERR: 无法加载模块:Public

[ 2017-03-21T22:38:59+08:00 ] ::1 /company/YDGW/Public/Home/css/bootstrap.css.map
INFO: [ app_init ] --START--
INFO: Run Behavior\BuildLiteBehavior [ RunTime:0.000016s ]
INFO: [ app_init ] --END-- [ RunTime:0.000510s ]
ERR: 无法加载模块:Public

[ 2017-03-21T22:40:08+08:00 ] ::1 /company/YDGW/Public/Home/css/bootstrap.css.map
INFO: [ app_init ] --START--
INFO: Run Behavior\BuildLiteBehavior [ RunTime:0.000022s ]
INFO: [ app_init ] --END-- [ RunTime:0.000637s ]
ERR: 无法加载模块:Public

[ 2017-03-21T22:40:09+08:00 ] ::1 /company/YDGW/Public/Home/css/bootstrap.css.map
INFO: [ app_init ] --START--
INFO: Run Behavior\BuildLiteBehavior [ RunTime:0.000023s ]
INFO: [ app_init ] --END-- [ RunTime:0.000636s ]
ERR: 无法加载模块:Public

[ 2017-03-21T22:41:35+08:00 ] ::1 /company/YDGW/Public/Home/css/bootstrap.css.map
INFO: [ app_init ] --START--
INFO: Run Behavior\BuildLiteBehavior [ RunTime:0.000018s ]
INFO: [ app_init ] --END-- [ RunTime:0.000664s ]
ERR: 无法加载模块:Public

[ 2017-03-21T22:56:07+08:00 ] ::1 /company/YDGW/Public/Home/css/bootstrap.css.map
INFO: [ app_init ] --START--
INFO: Run Behavior\BuildLiteBehavior [ RunTime:0.000012s ]
INFO: [ app_init ] --END-- [ RunTime:0.000502s ]
ERR: 无法加载模块:Public

[ 2017-03-21T22:56:21+08:00 ] ::1 /company/YDGW/Public/Home/css/bootstrap.css.map
INFO: [ app_init ] --START--
INFO: Run Behavior\BuildLiteBehavior [ RunTime:0.000013s ]
INFO: [ app_init ] --END-- [ RunTime:0.000391s ]
ERR: 无法加载模块:Public

[ 2017-03-21T22:56:26+08:00 ] ::1 /company/YDGW/Public/Home/css/bootstrap.css.map
INFO: [ app_init ] --START--
INFO: Run Behavior\BuildLiteBehavior [ RunTime:0.000019s ]
INFO: [ app_init ] --END-- [ RunTime:0.000499s ]
ERR: 无法加载模块:Public

[ 2017-03-21T22:56:46+08:00 ] ::1 /company/YDGW/Public/Home/css/bootstrap.css.map
INFO: [ app_init ] --START--
INFO: Run Behavior\BuildLiteBehavior [ RunTime:0.000012s ]
INFO: [ app_init ] --END-- [ RunTime:0.000350s ]
ERR: 无法加载模块:Public

[ 2017-03-21T22:56:47+08:00 ] ::1 /company/YDGW/Public/Home/css/bootstrap.css.map
INFO: [ app_init ] --START--
INFO: Run Behavior\BuildLiteBehavior [ RunTime:0.000052s ]
INFO: [ app_init ] --END-- [ RunTime:0.000916s ]
ERR: 无法加载模块:Public

[ 2017-03-21T22:56:53+08:00 ] ::1 /company/YDGW/Public/Home/css/bootstrap.css.map
INFO: [ app_init ] --START--
INFO: Run Behavior\BuildLiteBehavior [ RunTime:0.000023s ]
INFO: [ app_init ] --END-- [ RunTime:0.000748s ]
ERR: 无法加载模块:Public

[ 2017-03-21T22:57:05+08:00 ] ::1 /company/YDGW/Public/Home/css/bootstrap.css.map
INFO: [ app_init ] --START--
INFO: Run Behavior\BuildLiteBehavior [ RunTime:0.000024s ]
INFO: [ app_init ] --END-- [ RunTime:0.000610s ]
ERR: 无法加载模块:Public

[ 2017-03-21T22:57:08+08:00 ] ::1 /company/YDGW/Public/Home/css/bootstrap.css.map
INFO: [ app_init ] --START--
INFO: Run Behavior\BuildLiteBehavior [ RunTime:0.000018s ]
INFO: [ app_init ] --END-- [ RunTime:0.000555s ]
ERR: 无法加载模块:Public

[ 2017-03-21T22:58:17+08:00 ] ::1 /company/YDGW/Public/Home/css/bootstrap.css.map
INFO: [ app_init ] --START--
INFO: Run Behavior\BuildLiteBehavior [ RunTime:0.000012s ]
INFO: [ app_init ] --END-- [ RunTime:0.000354s ]
ERR: 无法加载模块:Public

[ 2017-03-21T23:00:00+08:00 ] ::1 /company/YDGW/Public/Home/css/bootstrap.css.map
INFO: [ app_init ] --START--
INFO: Run Behavior\BuildLiteBehavior [ RunTime:0.000013s ]
INFO: [ app_init ] --END-- [ RunTime:0.000413s ]
ERR: 无法加载模块:Public

[ 2017-03-21T23:00:34+08:00 ] ::1 /company/YDGW/Public/Home/css/bootstrap.css.map
INFO: [ app_init ] --START--
INFO: Run Behavior\BuildLiteBehavior [ RunTime:0.000018s ]
INFO: [ app_init ] --END-- [ RunTime:0.000634s ]
ERR: 无法加载模块:Public

[ 2017-03-21T23:00:41+08:00 ] ::1 /company/YDGW/Public/Home/css/bootstrap.css.map
INFO: [ app_init ] --START--
INFO: Run Behavior\BuildLiteBehavior [ RunTime:0.000018s ]
INFO: [ app_init ] --END-- [ RunTime:0.000562s ]
ERR: 无法加载模块:Public

[ 2017-03-21T23:00:42+08:00 ] ::1 /company/YDGW/Public/Home/css/bootstrap.css.map
INFO: [ app_init ] --START--
INFO: Run Behavior\BuildLiteBehavior [ RunTime:0.000017s ]
INFO: [ app_init ] --END-- [ RunTime:0.000584s ]
ERR: 无法加载模块:Public

[ 2017-03-21T23:26:32+08:00 ] ::1 /company/YDGW/Public/Home/css/bootstrap.css.map
INFO: [ app_init ] --START--
INFO: Run Behavior\BuildLiteBehavior [ RunTime:0.000012s ]
INFO: [ app_init ] --END-- [ RunTime:0.000386s ]
ERR: 无法加载模块:Public

[ 2017-03-21T23:27:22+08:00 ] ::1 /company/YDGW/Public/Home/css/bootstrap.css.map
INFO: [ app_init ] --START--
INFO: Run Behavior\BuildLiteBehavior [ RunTime:0.000024s ]
INFO: [ app_init ] --END-- [ RunTime:0.000704s ]
ERR: 无法加载模块:Public

[ 2017-03-21T23:27:34+08:00 ] ::1 /company/YDGW/Public/Home/css/bootstrap.css.map
INFO: [ app_init ] --START--
INFO: Run Behavior\BuildLiteBehavior [ RunTime:0.000013s ]
INFO: [ app_init ] --END-- [ RunTime:0.000368s ]
ERR: 无法加载模块:Public

