[ 2017-05-24T13:15:25+08:00 ] 127.0.0.1 /YD/Application/Home/View/Index/__PUBLIC__%7B$al['soft_text_img']%7D
INFO: [ app_init ] --START--
INFO: Run Behavior\BuildLiteBehavior [ RunTime:0.000000s ]
INFO: [ app_init ] --END-- [ RunTime:0.011002s ]
ERR: 无法加载模块:Application

[ 2017-05-24T13:15:25+08:00 ] 127.0.0.1 /YD/Application/Home/View/Index/__PUBLIC__%7B$data['img_url']%7D
INFO: [ app_init ] --START--
INFO: Run Behavior\BuildLiteBehavior [ RunTime:0.000000s ]
INFO: [ app_init ] --END-- [ RunTime:0.003500s ]
ERR: 无法加载模块:Application

[ 2017-05-24T13:15:25+08:00 ] 127.0.0.1 /YD/Application/Home/View/Index/__PUBLIC__/%7B$activety['activety_img']%7D
INFO: [ app_init ] --START--
INFO: Run Behavior\BuildLiteBehavior [ RunTime:0.000000s ]
INFO: [ app_init ] --END-- [ RunTime:0.009001s ]
ERR: 无法加载模块:Application

[ 2017-05-24T13:16:16+08:00 ] 127.0.0.1 /YD/Public/production/image/image/2017-03-25/58d612524d7af.jpg
INFO: [ app_init ] --START--
INFO: Run Behavior\BuildLiteBehavior [ RunTime:0.000000s ]
INFO: [ app_init ] --END-- [ RunTime:0.002000s ]
ERR: 无法加载模块:Public

[ 2017-05-24T13:16:49+08:00 ] 127.0.0.1 /YD/Public/bootstrap-3.3.4/js/tests/vendor/jquery.min.map
INFO: [ app_init ] --START--
INFO: Run Behavior\BuildLiteBehavior [ RunTime:0.000000s ]
INFO: [ app_init ] --END-- [ RunTime:0.003500s ]
ERR: 无法加载模块:Public

[ 2017-05-24T13:17:06+08:00 ] 127.0.0.1 /YD/Public/production/image/image/2017-03-25/58d612524d7af.jpg
INFO: [ app_init ] --START--
INFO: Run Behavior\BuildLiteBehavior [ RunTime:0.000000s ]
INFO: [ app_init ] --END-- [ RunTime:0.002000s ]
ERR: 无法加载模块:Public

[ 2017-05-24T13:20:56+08:00 ] 127.0.0.1 /YD/Public/production/image/image/2017-03-25/58d612524d7af.jpg
INFO: [ app_init ] --START--
INFO: Run Behavior\BuildLiteBehavior [ RunTime:0.000000s ]
INFO: [ app_init ] --END-- [ RunTime:0.001501s ]
ERR: 无法加载模块:Public

