[ 2017-03-26T00:16:01+08:00 ] ::1 /YD/Public/bootstrap-3.3.4/js/tests/vendor/jquery.min.map
INFO: [ app_init ] --START--
INFO: Run Behavior\BuildLiteBehavior [ RunTime:0.000020s ]
INFO: [ app_init ] --END-- [ RunTime:0.000429s ]
ERR: 无法加载模块:Public

[ 2017-03-26T00:23:59+08:00 ] ::1 /YD/Public/bootstrap-3.3.4/js/tests/vendor/jquery.min.map
INFO: [ app_init ] --START--
INFO: Run Behavior\BuildLiteBehavior [ RunTime:0.000021s ]
INFO: [ app_init ] --END-- [ RunTime:0.000550s ]
ERR: 无法加载模块:Public

[ 2017-03-26T00:24:37+08:00 ] ::1 /YD/Public/bootstrap-3.3.4/js/tests/vendor/jquery.min.map
INFO: [ app_init ] --START--
INFO: Run Behavior\BuildLiteBehavior [ RunTime:0.000036s ]
INFO: [ app_init ] --END-- [ RunTime:0.000634s ]
ERR: 无法加载模块:Public

[ 2017-03-26T00:25:04+08:00 ] ::1 /YD/Public/bootstrap-3.3.4/js/tests/vendor/jquery.min.map
INFO: [ app_init ] --START--
INFO: Run Behavior\BuildLiteBehavior [ RunTime:0.000021s ]
INFO: [ app_init ] --END-- [ RunTime:0.000562s ]
ERR: 无法加载模块:Public

[ 2017-03-26T00:25:10+08:00 ] ::1 /YD/Public/bootstrap-3.3.4/js/tests/vendor/jquery.min.map
INFO: [ app_init ] --START--
INFO: Run Behavior\BuildLiteBehavior [ RunTime:0.000021s ]
INFO: [ app_init ] --END-- [ RunTime:0.000415s ]
ERR: 无法加载模块:Public

[ 2017-03-26T00:25:11+08:00 ] ::1 /YD/Public/bootstrap-3.3.4/js/tests/vendor/jquery.min.map
INFO: [ app_init ] --START--
INFO: Run Behavior\BuildLiteBehavior [ RunTime:0.000025s ]
INFO: [ app_init ] --END-- [ RunTime:0.000599s ]
ERR: 无法加载模块:Public

[ 2017-03-26T00:25:42+08:00 ] ::1 /YD/Public/production/image/image/2017-03-25/58d612524d7af.jpg
INFO: [ app_init ] --START--
INFO: Run Behavior\BuildLiteBehavior [ RunTime:0.000021s ]
INFO: [ app_init ] --END-- [ RunTime:0.000503s ]
ERR: 无法加载模块:Public

