[ 2017-04-07T16:08:02+08:00 ] 127.0.0.1 /YD/Application/Home/View/Index/__PUBLIC__/%7B$hyzx['news_img']%7D
INFO: [ app_init ] --START--
INFO: Run Behavior\BuildLiteBehavior [ RunTime:0.000000s ]
INFO: [ app_init ] --END-- [ RunTime:0.003000s ]
ERR: 无法加载模块:Application

[ 2017-04-07T16:08:02+08:00 ] 127.0.0.1 /YD/Application/Home/View/Index/__PUBLIC__%7B$al['soft_text_img']%7D
INFO: [ app_init ] --START--
INFO: Run Behavior\BuildLiteBehavior [ RunTime:0.000000s ]
INFO: [ app_init ] --END-- [ RunTime:0.001000s ]
ERR: 无法加载模块:Application

[ 2017-04-07T16:08:02+08:00 ] 127.0.0.1 /YD/Application/Home/View/Index/__PUBLIC__/%7B$activety['activety_img']%7D
INFO: [ app_init ] --START--
INFO: Run Behavior\BuildLiteBehavior [ RunTime:0.001000s ]
INFO: [ app_init ] --END-- [ RunTime:0.001000s ]
ERR: 无法加载模块:Application

[ 2017-04-07T16:09:19+08:00 ] 127.0.0.1 /YD/Public/production/image/image/2017-03-25/58d612524d7af.jpg
INFO: [ app_init ] --START--
INFO: Run Behavior\BuildLiteBehavior [ RunTime:0.001000s ]
INFO: [ app_init ] --END-- [ RunTime:0.001000s ]
ERR: 无法加载模块:Public

[ 2017-04-07T16:09:29+08:00 ] 127.0.0.1 /YD/Public/production/image/image/2017-03-25/58d612524d7af.jpg
INFO: [ app_init ] --START--
INFO: Run Behavior\BuildLiteBehavior [ RunTime:0.000000s ]
INFO: [ app_init ] --END-- [ RunTime:0.001000s ]
ERR: 无法加载模块:Public

[ 2017-04-07T16:10:30+08:00 ] 127.0.0.1 /YD/Public/production/image/image/2017-03-25/58d612524d7af.jpg
INFO: [ app_init ] --START--
INFO: Run Behavior\BuildLiteBehavior [ RunTime:0.000000s ]
INFO: [ app_init ] --END-- [ RunTime:0.001000s ]
ERR: 无法加载模块:Public

[ 2017-04-07T16:10:41+08:00 ] 127.0.0.1 /YD/Public/bootstrap-3.3.4/js/tests/vendor/jquery.min.map
INFO: [ app_init ] --START--
INFO: Run Behavior\BuildLiteBehavior [ RunTime:0.000000s ]
INFO: [ app_init ] --END-- [ RunTime:0.001000s ]
ERR: 无法加载模块:Public

[ 2017-04-07T16:10:48+08:00 ] 127.0.0.1 /YD/Public/bootstrap-3.3.4/js/tests/vendor/jquery.min.map
INFO: [ app_init ] --START--
INFO: Run Behavior\BuildLiteBehavior [ RunTime:0.000000s ]
INFO: [ app_init ] --END-- [ RunTime:0.000000s ]
ERR: 无法加载模块:Public

[ 2017-04-07T16:10:55+08:00 ] 127.0.0.1 /YD/Public/bootstrap-3.3.4/js/tests/vendor/jquery.min.map
INFO: [ app_init ] --START--
INFO: Run Behavior\BuildLiteBehavior [ RunTime:0.000000s ]
INFO: [ app_init ] --END-- [ RunTime:0.000000s ]
ERR: 无法加载模块:Public

[ 2017-04-07T16:10:59+08:00 ] 127.0.0.1 /YD/Public/bootstrap-3.3.4/js/tests/vendor/jquery.min.map
INFO: [ app_init ] --START--
INFO: Run Behavior\BuildLiteBehavior [ RunTime:0.000000s ]
INFO: [ app_init ] --END-- [ RunTime:0.001000s ]
ERR: 无法加载模块:Public

[ 2017-04-07T16:11:04+08:00 ] 127.0.0.1 /YD/Public/production/image/image/2017-03-25/58d612524d7af.jpg
INFO: [ app_init ] --START--
INFO: Run Behavior\BuildLiteBehavior [ RunTime:0.000000s ]
INFO: [ app_init ] --END-- [ RunTime:0.001000s ]
ERR: 无法加载模块:Public

[ 2017-04-07T16:11:04+08:00 ] 127.0.0.1 /YD/Public/bootstrap-3.3.4/js/tests/vendor/jquery.min.map
INFO: [ app_init ] --START--
INFO: Run Behavior\BuildLiteBehavior [ RunTime:0.000000s ]
INFO: [ app_init ] --END-- [ RunTime:0.001000s ]
ERR: 无法加载模块:Public

[ 2017-04-07T16:11:06+08:00 ] 127.0.0.1 /YD/Public/bootstrap-3.3.4/js/tests/vendor/jquery.min.map
INFO: [ app_init ] --START--
INFO: Run Behavior\BuildLiteBehavior [ RunTime:0.000000s ]
INFO: [ app_init ] --END-- [ RunTime:0.001000s ]
ERR: 无法加载模块:Public

[ 2017-04-07T16:11:32+08:00 ] 127.0.0.1 /YD/Public/production/image/image/2017-03-25/58d612524d7af.jpg
INFO: [ app_init ] --START--
INFO: Run Behavior\BuildLiteBehavior [ RunTime:0.001000s ]
INFO: [ app_init ] --END-- [ RunTime:0.001000s ]
ERR: 无法加载模块:Public

